This is pdfTeX, Version 3.14159265-2.6-1.40.18 (MiKTeX 2.9.6350 64-bit) (preloaded format=pdflatex 2017.6.7)  30 AUG 2017 16:57
entering extended mode
**./Cost.Beamer.tex
(Cost.Beamer.tex
LaTeX2e <2017-04-15>
Babel <3.10> and hyphenation patterns for 75 language(s) loaded.
("C:\Program Files\MiKTeX 2.9\tex\latex\beamer\beamer.cls"
Document Class: beamer 2017/01/23 v3.41 A class for typesetting presentations
("C:\Program Files\MiKTeX 2.9\tex\latex\etoolbox\etoolbox.sty"
Package: etoolbox 2017/01/02 v2.4 e-TeX tools for LaTeX (JAW)
\etb@tempcnta=\count79
)
("C:\Program Files\MiKTeX 2.9\tex\latex\beamer\beamerbasemodes.sty"
\beamer@tempbox=\box26
\beamer@tempcount=\count80
\c@beamerpauses=\count81

("C:\Program Files\MiKTeX 2.9\tex\latex\beamer\beamerbasedecode.sty"
\beamer@slideinframe=\count82
\beamer@minimum=\count83
)
\beamer@commentbox=\box27
\beamer@modecount=\count84
)
("C:\Program Files\MiKTeX 2.9\tex\generic\oberdiek\ifpdf.sty"
Package: ifpdf 2017/03/15 v3.2 Provides the ifpdf switch
)
\headheight=\dimen102
\headdp=\dimen103
\footheight=\dimen104
\sidebarheight=\dimen105
\beamer@tempdim=\dimen106
\beamer@finalheight=\dimen107
\beamer@animht=\dimen108
\beamer@animdp=\dimen109
\beamer@animwd=\dimen110
\beamer@leftmargin=\dimen111
\beamer@rightmargin=\dimen112
\beamer@leftsidebar=\dimen113
\beamer@rightsidebar=\dimen114
\beamer@boxsize=\dimen115
\beamer@vboxoffset=\dimen116
\beamer@descdefault=\dimen117
\beamer@descriptionwidth=\dimen118
\beamer@lastskip=\skip41
\beamer@areabox=\box28
\beamer@animcurrent=\box29
\beamer@animshowbox=\box30
\beamer@sectionbox=\box31
\beamer@logobox=\box32
\beamer@linebox=\box33
\beamer@sectioncount=\count85
\beamer@subsubsectionmax=\count86
\beamer@subsectionmax=\count87
\beamer@sectionmax=\count88
\beamer@totalheads=\count89
\beamer@headcounter=\count90
\beamer@partstartpage=\count91
\beamer@sectionstartpage=\count92
\beamer@subsectionstartpage=\count93
\beamer@animationtempa=\count94
\beamer@animationtempb=\count95
\beamer@xpos=\count96
\beamer@ypos=\count97
\beamer@showpartnumber=\count98
\beamer@currentsubsection=\count99
\beamer@coveringdepth=\count100
\beamer@sectionadjust=\count101
\beamer@tocsectionnumber=\count102

("C:\Program Files\MiKTeX 2.9\tex\latex\beamer\beamerbaseoptions.sty"
("C:\Program Files\MiKTeX 2.9\tex\latex\graphics\keyval.sty"
Package: keyval 2014/10/28 v1.15 key=value parser (DPC)
\KV@toks@=\toks14
))
\beamer@paperwidth=\skip42
\beamer@paperheight=\skip43

("C:\Program Files\MiKTeX 2.9\tex\latex\geometry\geometry.sty"
Package: geometry 2010/09/12 v5.6 Page Geometry

("C:\Program Files\MiKTeX 2.9\tex\generic\oberdiek\ifvtex.sty"
Package: ifvtex 2016/05/16 v1.6 Detect VTeX and its facilities (HO)
Package ifvtex Info: VTeX not detected.
)
("C:\Program Files\MiKTeX 2.9\tex\generic\ifxetex\ifxetex.sty"
Package: ifxetex 2010/09/12 v0.6 Provides ifxetex conditional
)
\Gm@cnth=\count103
\Gm@cntv=\count104
\c@Gm@tempcnt=\count105
\Gm@bindingoffset=\dimen119
\Gm@wd@mp=\dimen120
\Gm@odd@mp=\dimen121
\Gm@even@mp=\dimen122
\Gm@layoutwidth=\dimen123
\Gm@layoutheight=\dimen124
\Gm@layouthoffset=\dimen125
\Gm@layoutvoffset=\dimen126
\Gm@dimlist=\toks15

("C:\Program Files\MiKTeX 2.9\tex\latex\geometry\geometry.cfg"))
("C:\Program Files\MiKTeX 2.9\tex\latex\base\size11.clo"
File: size11.clo 2014/09/29 v1.4h Standard LaTeX file (size option)
)
("C:\Program Files\MiKTeX 2.9\tex\latex\pgf\basiclayer\pgfcore.sty"
("C:\Program Files\MiKTeX 2.9\tex\latex\graphics\graphicx.sty"
Package: graphicx 2014/10/28 v1.0g Enhanced LaTeX Graphics (DPC,SPQR)

("C:\Program Files\MiKTeX 2.9\tex\latex\graphics\graphics.sty"
Package: graphics 2017/04/14 v1.1b Standard LaTeX Graphics (DPC,SPQR)

("C:\Program Files\MiKTeX 2.9\tex\latex\graphics\trig.sty"
Package: trig 2016/01/03 v1.10 sin cos tan (DPC)
)
("C:\Program Files\MiKTeX 2.9\tex\latex\graphics-cfg\graphics.cfg"
File: graphics.cfg 2016/06/04 v1.11 sample graphics configuration
)
Package graphics Info: Driver file: pdftex.def on input line 99.

("C:\Program Files\MiKTeX 2.9\tex\latex\graphics-def\pdftex.def"
File: pdftex.def 2017/01/12 v0.06k Graphics/color for pdfTeX

("C:\Program Files\MiKTeX 2.9\tex\generic\oberdiek\infwarerr.sty"
Package: infwarerr 2016/05/16 v1.4 Providing info/warning/error messages (HO)
)
("C:\Program Files\MiKTeX 2.9\tex\generic\oberdiek\ltxcmds.sty"
Package: ltxcmds 2016/05/16 v1.23 LaTeX kernel commands for general use (HO)
)
\Gread@gobject=\count106
))
\Gin@req@height=\dimen127
\Gin@req@width=\dimen128
)
("C:\Program Files\MiKTeX 2.9\tex\latex\pgf\systemlayer\pgfsys.sty"
("C:\Program Files\MiKTeX 2.9\tex\latex\pgf\utilities\pgfrcs.sty"
("C:\Program Files\MiKTeX 2.9\tex\generic\pgf\utilities\pgfutil-common.tex"
\pgfutil@everybye=\toks16
\pgfutil@tempdima=\dimen129
\pgfutil@tempdimb=\dimen130

("C:\Program Files\MiKTeX 2.9\tex\generic\pgf\utilities\pgfutil-common-lists.te
x")) ("C:\Program Files\MiKTeX 2.9\tex\generic\pgf\utilities\pgfutil-latex.def"
\pgfutil@abb=\box34
("C:\Program Files\MiKTeX 2.9\tex\latex\ms\everyshi.sty"
Package: everyshi 2001/05/15 v3.00 EveryShipout Package (MS)
))
("C:\Program Files\MiKTeX 2.9\tex\generic\pgf\utilities\pgfrcs.code.tex"
Package: pgfrcs 2015/08/07 v3.0.1a (rcs-revision 1.31)
))
("C:\Program Files\MiKTeX 2.9\tex\generic\pgf\systemlayer\pgfsys.code.tex"
Package: pgfsys 2014/07/09 v3.0.1a (rcs-revision 1.48)

("C:\Program Files\MiKTeX 2.9\tex\generic\pgf\utilities\pgfkeys.code.tex"
\pgfkeys@pathtoks=\toks17
\pgfkeys@temptoks=\toks18

("C:\Program Files\MiKTeX 2.9\tex\generic\pgf\utilities\pgfkeysfiltered.code.te
x"
\pgfkeys@tmptoks=\toks19
))
\pgf@x=\dimen131
\pgf@y=\dimen132
\pgf@xa=\dimen133
\pgf@ya=\dimen134
\pgf@xb=\dimen135
\pgf@yb=\dimen136
\pgf@xc=\dimen137
\pgf@yc=\dimen138
\w@pgf@writea=\write3
\r@pgf@reada=\read1
\c@pgf@counta=\count107
\c@pgf@countb=\count108
\c@pgf@countc=\count109
\c@pgf@countd=\count110
\t@pgf@toka=\toks20
\t@pgf@tokb=\toks21
\t@pgf@tokc=\toks22
 ("C:\Program Files\MiKTeX 2.9\tex\generic\pgf\systemlayer\pgf.cfg"
File: pgf.cfg 2008/05/14  (rcs-revision 1.7)
)
Driver file for pgf: pgfsys-pdftex.def

("C:\Program Files\MiKTeX 2.9\tex\generic\pgf\systemlayer\pgfsys-pdftex.def"
File: pgfsys-pdftex.def 2014/10/11  (rcs-revision 1.35)

("C:\Program Files\MiKTeX 2.9\tex\generic\pgf\systemlayer\pgfsys-common-pdf.def
"
File: pgfsys-common-pdf.def 2013/10/10  (rcs-revision 1.13)
)))
("C:\Program Files\MiKTeX 2.9\tex\generic\pgf\systemlayer\pgfsyssoftpath.code.t
ex"
File: pgfsyssoftpath.code.tex 2013/09/09  (rcs-revision 1.9)
\pgfsyssoftpath@smallbuffer@items=\count111
\pgfsyssoftpath@bigbuffer@items=\count112
)
("C:\Program Files\MiKTeX 2.9\tex\generic\pgf\systemlayer\pgfsysprotocol.code.t
ex"
File: pgfsysprotocol.code.tex 2006/10/16  (rcs-revision 1.4)
)) ("C:\Program Files\MiKTeX 2.9\tex\latex\xcolor\xcolor.sty"
Package: xcolor 2016/05/11 v2.12 LaTeX color extensions (UK)

("C:\Program Files\MiKTeX 2.9\tex\latex\graphics-cfg\color.cfg"
File: color.cfg 2016/01/02 v1.6 sample color configuration
)
Package xcolor Info: Driver file: pdftex.def on input line 225.
Package xcolor Info: Model `cmy' substituted by `cmy0' on input line 1348.
Package xcolor Info: Model `hsb' substituted by `rgb' on input line 1352.
Package xcolor Info: Model `RGB' extended on input line 1364.
Package xcolor Info: Model `HTML' substituted by `rgb' on input line 1366.
Package xcolor Info: Model `Hsb' substituted by `hsb' on input line 1367.
Package xcolor Info: Model `tHsb' substituted by `hsb' on input line 1368.
Package xcolor Info: Model `HSB' substituted by `hsb' on input line 1369.
Package xcolor Info: Model `Gray' substituted by `gray' on input line 1370.
Package xcolor Info: Model `wave' substituted by `hsb' on input line 1371.
)
("C:\Program Files\MiKTeX 2.9\tex\generic\pgf\basiclayer\pgfcore.code.tex"
Package: pgfcore 2010/04/11 v3.0.1a (rcs-revision 1.7)

("C:\Program Files\MiKTeX 2.9\tex\generic\pgf\math\pgfmath.code.tex"
("C:\Program Files\MiKTeX 2.9\tex\generic\pgf\math\pgfmathcalc.code.tex"
("C:\Program Files\MiKTeX 2.9\tex\generic\pgf\math\pgfmathutil.code.tex")
("C:\Program Files\MiKTeX 2.9\tex\generic\pgf\math\pgfmathparser.code.tex"
\pgfmath@dimen=\dimen139
\pgfmath@count=\count113
\pgfmath@box=\box35
\pgfmath@toks=\toks23
\pgfmath@stack@operand=\toks24
\pgfmath@stack@operation=\toks25
)
("C:\Program Files\MiKTeX 2.9\tex\generic\pgf\math\pgfmathfunctions.code.tex"
("C:\Program Files\MiKTeX 2.9\tex\generic\pgf\math\pgfmathfunctions.basic.code.
tex")
("C:\Program Files\MiKTeX 2.9\tex\generic\pgf\math\pgfmathfunctions.trigonometr
ic.code.tex")
("C:\Program Files\MiKTeX 2.9\tex\generic\pgf\math\pgfmathfunctions.random.code
.tex")
("C:\Program Files\MiKTeX 2.9\tex\generic\pgf\math\pgfmathfunctions.comparison.
code.tex")
("C:\Program Files\MiKTeX 2.9\tex\generic\pgf\math\pgfmathfunctions.base.code.t
ex")
("C:\Program Files\MiKTeX 2.9\tex\generic\pgf\math\pgfmathfunctions.round.code.
tex")
("C:\Program Files\MiKTeX 2.9\tex\generic\pgf\math\pgfmathfunctions.misc.code.t
ex")
("C:\Program Files\MiKTeX 2.9\tex\generic\pgf\math\pgfmathfunctions.integerarit
hmetics.code.tex")))
("C:\Program Files\MiKTeX 2.9\tex\generic\pgf\math\pgfmathfloat.code.tex"
\c@pgfmathroundto@lastzeros=\count114
))
("C:\Program Files\MiKTeX 2.9\tex\generic\pgf\basiclayer\pgfcorepoints.code.tex
"
File: pgfcorepoints.code.tex 2013/10/07  (rcs-revision 1.27)
\pgf@picminx=\dimen140
\pgf@picmaxx=\dimen141
\pgf@picminy=\dimen142
\pgf@picmaxy=\dimen143
\pgf@pathminx=\dimen144
\pgf@pathmaxx=\dimen145
\pgf@pathminy=\dimen146
\pgf@pathmaxy=\dimen147
\pgf@xx=\dimen148
\pgf@xy=\dimen149
\pgf@yx=\dimen150
\pgf@yy=\dimen151
\pgf@zx=\dimen152
\pgf@zy=\dimen153
)
("C:\Program Files\MiKTeX 2.9\tex\generic\pgf\basiclayer\pgfcorepathconstruct.c
ode.tex"
File: pgfcorepathconstruct.code.tex 2013/10/07  (rcs-revision 1.29)
\pgf@path@lastx=\dimen154
\pgf@path@lasty=\dimen155
)
("C:\Program Files\MiKTeX 2.9\tex\generic\pgf\basiclayer\pgfcorepathusage.code.
tex"
File: pgfcorepathusage.code.tex 2014/11/02  (rcs-revision 1.24)
\pgf@shorten@end@additional=\dimen156
\pgf@shorten@start@additional=\dimen157
)
("C:\Program Files\MiKTeX 2.9\tex\generic\pgf\basiclayer\pgfcorescopes.code.tex
"
File: pgfcorescopes.code.tex 2015/05/08  (rcs-revision 1.46)
\pgfpic=\box36
\pgf@hbox=\box37
\pgf@layerbox@main=\box38
\pgf@picture@serial@count=\count115
)
("C:\Program Files\MiKTeX 2.9\tex\generic\pgf\basiclayer\pgfcoregraphicstate.co
de.tex"
File: pgfcoregraphicstate.code.tex 2014/11/02  (rcs-revision 1.12)
\pgflinewidth=\dimen158
)
("C:\Program Files\MiKTeX 2.9\tex\generic\pgf\basiclayer\pgfcoretransformations
.code.tex"
File: pgfcoretransformations.code.tex 2015/08/07  (rcs-revision 1.20)
\pgf@pt@x=\dimen159
\pgf@pt@y=\dimen160
\pgf@pt@temp=\dimen161
)
("C:\Program Files\MiKTeX 2.9\tex\generic\pgf\basiclayer\pgfcorequick.code.tex"
File: pgfcorequick.code.tex 2008/10/09  (rcs-revision 1.3)
)
("C:\Program Files\MiKTeX 2.9\tex\generic\pgf\basiclayer\pgfcoreobjects.code.te
x"
File: pgfcoreobjects.code.tex 2006/10/11  (rcs-revision 1.2)
)
("C:\Program Files\MiKTeX 2.9\tex\generic\pgf\basiclayer\pgfcorepathprocessing.
code.tex"
File: pgfcorepathprocessing.code.tex 2013/09/09  (rcs-revision 1.9)
)
("C:\Program Files\MiKTeX 2.9\tex\generic\pgf\basiclayer\pgfcorearrows.code.tex
"
File: pgfcorearrows.code.tex 2015/05/14  (rcs-revision 1.43)
\pgfarrowsep=\dimen162
)
("C:\Program Files\MiKTeX 2.9\tex\generic\pgf\basiclayer\pgfcoreshade.code.tex"
File: pgfcoreshade.code.tex 2013/07/15  (rcs-revision 1.15)
\pgf@max=\dimen163
\pgf@sys@shading@range@num=\count116
) ("C:\Program Files\MiKTeX 2.9\tex\generic\pgf\basiclayer\pgfcoreimage.code.te
x"
File: pgfcoreimage.code.tex 2013/07/15  (rcs-revision 1.18)

("C:\Program Files\MiKTeX 2.9\tex\generic\pgf\basiclayer\pgfcoreexternal.code.t
ex"
File: pgfcoreexternal.code.tex 2014/07/09  (rcs-revision 1.21)
\pgfexternal@startupbox=\box39
))
("C:\Program Files\MiKTeX 2.9\tex\generic\pgf\basiclayer\pgfcorelayers.code.tex
"
File: pgfcorelayers.code.tex 2013/07/18  (rcs-revision 1.7)
)
("C:\Program Files\MiKTeX 2.9\tex\generic\pgf\basiclayer\pgfcoretransparency.co
de.tex"
File: pgfcoretransparency.code.tex 2013/09/30  (rcs-revision 1.5)
)
("C:\Program Files\MiKTeX 2.9\tex\generic\pgf\basiclayer\pgfcorepatterns.code.t
ex"
File: pgfcorepatterns.code.tex 2013/11/07  (rcs-revision 1.5)
))) ("C:\Program Files\MiKTeX 2.9\tex\latex\pgf\utilities\xxcolor.sty"
Package: xxcolor 2003/10/24 ver 0.1
\XC@nummixins=\count117
\XC@countmixins=\count118
)
("C:\Program Files\MiKTeX 2.9\tex\generic\oberdiek\atbegshi.sty"
Package: atbegshi 2016/06/09 v1.18 At begin shipout hook (HO)
)
("C:\Program Files\MiKTeX 2.9\tex\latex\hyperref\hyperref.sty"
Package: hyperref 2017/03/14 v6.85a Hypertext links for LaTeX

("C:\Program Files\MiKTeX 2.9\tex\generic\oberdiek\hobsub-hyperref.sty"
Package: hobsub-hyperref 2016/05/16 v1.14 Bundle oberdiek, subset hyperref (HO)


("C:\Program Files\MiKTeX 2.9\tex\generic\oberdiek\hobsub-generic.sty"
Package: hobsub-generic 2016/05/16 v1.14 Bundle oberdiek, subset generic (HO)
Package: hobsub 2016/05/16 v1.14 Construct package bundles (HO)
Package hobsub Info: Skipping package `infwarerr' (already loaded).
Package hobsub Info: Skipping package `ltxcmds' (already loaded).
Package: ifluatex 2016/05/16 v1.4 Provides the ifluatex switch (HO)
Package ifluatex Info: LuaTeX not detected.
Package hobsub Info: Skipping package `ifvtex' (already loaded).
Package: intcalc 2016/05/16 v1.2 Expandable calculations with integers (HO)
Package hobsub Info: Skipping package `ifpdf' (already loaded).
Package: etexcmds 2016/05/16 v1.6 Avoid name clashes with e-TeX commands (HO)
Package etexcmds Info: Could not find \expanded.
(etexcmds)             That can mean that you are not using pdfTeX 1.50 or
(etexcmds)             that some package has redefined \expanded.
(etexcmds)             In the latter case, load this package earlier.
Package: kvsetkeys 2016/05/16 v1.17 Key value parser (HO)
Package: kvdefinekeys 2016/05/16 v1.4 Define keys (HO)
Package: pdftexcmds 2017/03/19 v0.25 Utility functions of pdfTeX for LuaTeX (HO
)
Package pdftexcmds Info: LuaTeX not detected.
Package pdftexcmds Info: \pdf@primitive is available.
Package pdftexcmds Info: \pdf@ifprimitive is available.
Package pdftexcmds Info: \pdfdraftmode found.
Package: pdfescape 2016/05/16 v1.14 Implements pdfTeX's escape features (HO)
Package: bigintcalc 2016/05/16 v1.4 Expandable calculations on big integers (HO
)
Package: bitset 2016/05/16 v1.2 Handle bit-vector datatype (HO)
Package: uniquecounter 2016/05/16 v1.3 Provide unlimited unique counter (HO)
)
Package hobsub Info: Skipping package `hobsub' (already loaded).
Package: letltxmacro 2016/05/16 v1.5 Let assignment for LaTeX macros (HO)
Package: hopatch 2016/05/16 v1.3 Wrapper for package hooks (HO)
Package: xcolor-patch 2016/05/16 xcolor patch
Package: atveryend 2016/05/16 v1.9 Hooks at the very end of document (HO)
Package hobsub Info: Skipping package `atbegshi' (already loaded).
Package: refcount 2016/05/16 v3.5 Data extraction from label references (HO)
Package: hycolor 2016/05/16 v1.8 Color options for hyperref/bookmark (HO)
)
("C:\Program Files\MiKTeX 2.9\tex\latex\oberdiek\auxhook.sty"
Package: auxhook 2016/05/16 v1.4 Hooks for auxiliary files (HO)
)
("C:\Program Files\MiKTeX 2.9\tex\latex\oberdiek\kvoptions.sty"
Package: kvoptions 2016/05/16 v3.12 Key value format for package options (HO)
)
\@linkdim=\dimen164
\Hy@linkcounter=\count119
\Hy@pagecounter=\count120

("C:\Program Files\MiKTeX 2.9\tex\latex\hyperref\pd1enc.def"
File: pd1enc.def 2017/03/14 v6.85a Hyperref: PDFDocEncoding definition (HO)
)
\Hy@SavedSpaceFactor=\count121

("C:\Program Files\MiKTeX 2.9\tex\latex\00miktex\hyperref.cfg"
File: hyperref.cfg 2002/06/06 v1.2 hyperref configuration of TeXLive
)
Package hyperref Info: Option `bookmarks' set `true' on input line 4374.
Package hyperref Info: Option `bookmarksopen' set `true' on input line 4374.
Package hyperref Info: Option `implicit' set `false' on input line 4374.
Package hyperref Info: Hyper figures OFF on input line 4498.
Package hyperref Info: Link nesting OFF on input line 4503.
Package hyperref Info: Hyper index ON on input line 4506.
Package hyperref Info: Plain pages OFF on input line 4513.
Package hyperref Info: Backreferencing OFF on input line 4518.
Package hyperref Info: Implicit mode OFF; no redefinition of LaTeX internals.
Package hyperref Info: Bookmarks ON on input line 4751.
\c@Hy@tempcnt=\count122

("C:\Program Files\MiKTeX 2.9\tex\latex\url\url.sty"
\Urlmuskip=\muskip10
Package: url 2013/09/16  ver 3.4  Verb mode for urls, etc.
)
LaTeX Info: Redefining \url on input line 5104.
\XeTeXLinkMargin=\dimen165
\Fld@menulength=\count123
\Field@Width=\dimen166
\Fld@charsize=\dimen167
Package hyperref Info: Hyper figures OFF on input line 6358.
Package hyperref Info: Link nesting OFF on input line 6363.
Package hyperref Info: Hyper index ON on input line 6366.
Package hyperref Info: backreferencing OFF on input line 6373.
Package hyperref Info: Link coloring OFF on input line 6378.
Package hyperref Info: Link coloring with OCG OFF on input line 6383.
Package hyperref Info: PDF/A mode OFF on input line 6388.
LaTeX Info: Redefining \ref on input line 6428.
LaTeX Info: Redefining \pageref on input line 6432.
\Hy@abspage=\count124


Package hyperref Message: Stopped early.

)

Package hyperref Message: Driver (autodetected): hpdftex.

("C:\Program Files\MiKTeX 2.9\tex\latex\hyperref\hpdftex.def"
File: hpdftex.def 2017/03/14 v6.85a Hyperref driver for pdfTeX
\Fld@listcount=\count125
\c@bookmark@seq@number=\count126

("C:\Program Files\MiKTeX 2.9\tex\latex\oberdiek\rerunfilecheck.sty"
Package: rerunfilecheck 2016/05/16 v1.8 Rerun checks for auxiliary files (HO)
Package uniquecounter Info: New unique counter `rerunfilecheck' on input line 2
82.
))
("C:\Program Files\MiKTeX 2.9\tex\latex\beamer\beamerbaserequires.sty"
("C:\Program Files\MiKTeX 2.9\tex\latex\beamer\beamerbasecompatibility.sty")
("C:\Program Files\MiKTeX 2.9\tex\latex\beamer\beamerbasefont.sty"
("C:\Program Files\MiKTeX 2.9\tex\latex\amsfonts\amssymb.sty"
Package: amssymb 2013/01/14 v3.01 AMS font symbols

("C:\Program Files\MiKTeX 2.9\tex\latex\amsfonts\amsfonts.sty"
Package: amsfonts 2013/01/14 v3.01 Basic AMSFonts support
\@emptytoks=\toks26
\symAMSa=\mathgroup4
\symAMSb=\mathgroup5
LaTeX Font Info:    Overwriting math alphabet `\mathfrak' in version `bold'
(Font)                  U/euf/m/n --> U/euf/b/n on input line 106.
))
("C:\Program Files\MiKTeX 2.9\tex\latex\sansmathaccent\sansmathaccent.sty"
Package: sansmathaccent 2013/03/28

("C:\Program Files\MiKTeX 2.9\tex\latex\filehook\filehook.sty"
Package: filehook 2011/10/12 v0.5d Hooks for input files
)))
("C:\Program Files\MiKTeX 2.9\tex\latex\beamer\beamerbasetranslator.sty"
("C:\Program Files\MiKTeX 2.9\tex\latex\beamer\translator\translator.sty"
Package: translator 2010/06/12 ver 1.10

("C:\Program Files\MiKTeX 2.9\tex\latex\beamer\translator\translator-language-m
appings.tex")))
("C:\Program Files\MiKTeX 2.9\tex\latex\beamer\beamerbasemisc.sty")
("C:\Program Files\MiKTeX 2.9\tex\latex\beamer\beamerbasetwoscreens.sty")
("C:\Program Files\MiKTeX 2.9\tex\latex\beamer\beamerbaseoverlay.sty"
\beamer@argscount=\count127
\beamer@lastskipcover=\skip44
\beamer@trivlistdepth=\count128
)
("C:\Program Files\MiKTeX 2.9\tex\latex\beamer\beamerbasetitle.sty")
("C:\Program Files\MiKTeX 2.9\tex\latex\beamer\beamerbasesection.sty"
\c@lecture=\count129
\c@part=\count130
\c@section=\count131
\c@subsection=\count132
\c@subsubsection=\count133
)
("C:\Program Files\MiKTeX 2.9\tex\latex\beamer\beamerbaseframe.sty"
\beamer@framebox=\box40
\beamer@frametitlebox=\box41
\beamer@zoombox=\box42
\beamer@zoomcount=\count134
\beamer@zoomframecount=\count135
\beamer@frametextheight=\dimen168
\c@subsectionslide=\count136
\beamer@frametopskip=\skip45
\beamer@framebottomskip=\skip46
\beamer@frametopskipautobreak=\skip47
\beamer@framebottomskipautobreak=\skip48
\beamer@envbody=\toks27
\framewidth=\dimen169
\c@framenumber=\count137
)
("C:\Program Files\MiKTeX 2.9\tex\latex\beamer\beamerbaseverbatim.sty"
\beamer@verbatimfileout=\write4
)
("C:\Program Files\MiKTeX 2.9\tex\latex\beamer\beamerbaseframesize.sty"
\beamer@splitbox=\box43
\beamer@autobreakcount=\count138
\beamer@autobreaklastheight=\dimen170
\beamer@frametitletoks=\toks28
\beamer@framesubtitletoks=\toks29
)
("C:\Program Files\MiKTeX 2.9\tex\latex\beamer\beamerbaseframecomponents.sty"
\beamer@footins=\box44
)
("C:\Program Files\MiKTeX 2.9\tex\latex\beamer\beamerbasecolor.sty")
("C:\Program Files\MiKTeX 2.9\tex\latex\beamer\beamerbasenotes.sty"
\beamer@frameboxcopy=\box45
)
("C:\Program Files\MiKTeX 2.9\tex\latex\beamer\beamerbasetoc.sty")
("C:\Program Files\MiKTeX 2.9\tex\latex\beamer\beamerbasetemplates.sty"
\beamer@sbttoks=\toks30

("C:\Program Files\MiKTeX 2.9\tex\latex\beamer\beamerbaseauxtemplates.sty"
("C:\Program Files\MiKTeX 2.9\tex\latex\beamer\beamerbaseboxes.sty"
\bmb@box=\box46
\bmb@colorbox=\box47
\bmb@boxshadow=\box48
\bmb@boxshadowball=\box49
\bmb@boxshadowballlarge=\box50
\bmb@temp=\dimen171
\bmb@dima=\dimen172
\bmb@dimb=\dimen173
\bmb@prevheight=\dimen174
)
\beamer@blockheadheight=\dimen175
))
("C:\Program Files\MiKTeX 2.9\tex\latex\beamer\beamerbaselocalstructure.sty"
("C:\Program Files\MiKTeX 2.9\tex\latex\tools\enumerate.sty"
Package: enumerate 2015/07/23 v3.00 enumerate extensions (DPC)
\@enLab=\toks31
)
\c@figure=\count139
\c@table=\count140
\abovecaptionskip=\skip49
\belowcaptionskip=\skip50
)
("C:\Program Files\MiKTeX 2.9\tex\latex\beamer\beamerbasenavigation.sty"
\beamer@section@min@dim=\dimen176
)
("C:\Program Files\MiKTeX 2.9\tex\latex\beamer\beamerbasetheorems.sty"
("C:\Program Files\MiKTeX 2.9\tex\latex\amsmath\amsmath.sty"
Package: amsmath 2016/11/05 v2.16a AMS math features
\@mathmargin=\skip51

For additional information on amsmath, use the `?' option.
("C:\Program Files\MiKTeX 2.9\tex\latex\amsmath\amstext.sty"
Package: amstext 2000/06/29 v2.01 AMS text

("C:\Program Files\MiKTeX 2.9\tex\latex\amsmath\amsgen.sty"
File: amsgen.sty 1999/11/30 v2.0 generic functions
\@emptytoks=\toks32
\ex@=\dimen177
))
("C:\Program Files\MiKTeX 2.9\tex\latex\amsmath\amsbsy.sty"
Package: amsbsy 1999/11/29 v1.2d Bold Symbols
\pmbraise@=\dimen178
)
("C:\Program Files\MiKTeX 2.9\tex\latex\amsmath\amsopn.sty"
Package: amsopn 2016/03/08 v2.02 operator names
)
\inf@bad=\count141
LaTeX Info: Redefining \frac on input line 213.
\uproot@=\count142
\leftroot@=\count143
LaTeX Info: Redefining \overline on input line 375.
\classnum@=\count144
\DOTSCASE@=\count145
LaTeX Info: Redefining \ldots on input line 472.
LaTeX Info: Redefining \dots on input line 475.
LaTeX Info: Redefining \cdots on input line 596.
\Mathstrutbox@=\box51
\strutbox@=\box52
\big@size=\dimen179
LaTeX Font Info:    Redeclaring font encoding OML on input line 712.
LaTeX Font Info:    Redeclaring font encoding OMS on input line 713.
\macc@depth=\count146
\c@MaxMatrixCols=\count147
\dotsspace@=\muskip11
\c@parentequation=\count148
\dspbrk@lvl=\count149
\tag@help=\toks33
\row@=\count150
\column@=\count151
\maxfields@=\count152
\andhelp@=\toks34
\eqnshift@=\dimen180
\alignsep@=\dimen181
\tagshift@=\dimen182
\tagwidth@=\dimen183
\totwidth@=\dimen184
\lineht@=\dimen185
\@envbody=\toks35
\multlinegap=\skip52
\multlinetaggap=\skip53
\mathdisplay@stack=\toks36
LaTeX Info: Redefining \[ on input line 2817.
LaTeX Info: Redefining \] on input line 2818.
)
("C:\Program Files\MiKTeX 2.9\tex\latex\amscls\amsthm.sty"
Package: amsthm 2015/03/04 v2.20.2
\thm@style=\toks37
\thm@bodyfont=\toks38
\thm@headfont=\toks39
\thm@notefont=\toks40
\thm@headpunct=\toks41
\thm@preskip=\skip54
\thm@postskip=\skip55
\thm@headsep=\skip56
\dth@everypar=\toks42
)
\c@theorem=\count153
)
("C:\Program Files\MiKTeX 2.9\tex\latex\beamer\beamerbasethemes.sty"))
("C:\Program Files\MiKTeX 2.9\tex\latex\beamer\themes\theme\beamerthemedefault.
sty"
("C:\Program Files\MiKTeX 2.9\tex\latex\beamer\themes\font\beamerfontthemedefau
lt.sty")
("C:\Program Files\MiKTeX 2.9\tex\latex\beamer\themes\color\beamercolorthemedef
ault.sty")
("C:\Program Files\MiKTeX 2.9\tex\latex\beamer\themes\inner\beamerinnerthemedef
ault.sty"
\beamer@dima=\dimen186
\beamer@dimb=\dimen187
)
("C:\Program Files\MiKTeX 2.9\tex\latex\beamer\themes\outer\beamerouterthemedef
ault.sty"))) (Cost.tex (../headmaterial.tex
("C:\Program Files\MiKTeX 2.9\tex\latex\beamer\themes\theme\beamerthemeAntibes.
sty"
("C:\Program Files\MiKTeX 2.9\tex\latex\beamer\themes\outer\beamerouterthemetre
e.sty")
("C:\Program Files\MiKTeX 2.9\tex\latex\beamer\themes\color\beamercolorthemewha
le.sty")
("C:\Program Files\MiKTeX 2.9\tex\latex\beamer\themes\color\beamercolorthemeorc
hid.sty")
("C:\Program Files\MiKTeX 2.9\tex\latex\beamer\themes\inner\beamerinnerthemerec
tangles.sty")) ("C:\Program Files\MiKTeX 2.9\tex\latex\eurosym\eurosym.sty"
Package: eurosym 1998/08/06 v1.1 European currency symbol ``Euro''
\@eurobox=\box53
)
("C:\Program Files\MiKTeX 2.9\tex\latex\wasysym\wasysym.sty"
Package: wasysym 2003/10/30 v2.0 Wasy-2 symbol support package
\symwasy=\mathgroup6
LaTeX Font Info:    Overwriting symbol font `wasy' in version `bold'
(Font)                  U/wasy/m/n --> U/wasy/b/n on input line 90.
)
("C:\Program Files\MiKTeX 2.9\tex\latex\mathtools\mathtools.sty"
Package: mathtools 2017/05/24 v1.19 mathematical typesetting tools

("C:\Program Files\MiKTeX 2.9\tex\latex\tools\calc.sty"
Package: calc 2014/10/28 v4.3 Infix arithmetic (KKT,FJ)
\calc@Acount=\count154
\calc@Bcount=\count155
\calc@Adimen=\dimen188
\calc@Bdimen=\dimen189
\calc@Askip=\skip57
\calc@Bskip=\skip58
LaTeX Info: Redefining \setlength on input line 80.
LaTeX Info: Redefining \addtolength on input line 81.
\calc@Ccount=\count156
\calc@Cskip=\skip59
)
("C:\Program Files\MiKTeX 2.9\tex\latex\mathtools\mhsetup.sty"
Package: mhsetup 2017/03/31 v1.3 programming setup (MH)
)
LaTeX Info: Thecontrolsequence`\('isalreadyrobust on input line 129.
LaTeX Info: Thecontrolsequence`\)'isalreadyrobust on input line 129.
LaTeX Info: Thecontrolsequence`\['isalreadyrobust on input line 129.
LaTeX Info: Thecontrolsequence`\]'isalreadyrobust on input line 129.
\g_MT_multlinerow_int=\count157
\l_MT_multwidth_dim=\dimen190
\origjot=\skip60
\l_MT_shortvdotswithinadjustabove_dim=\dimen191
\l_MT_shortvdotswithinadjustbelow_dim=\dimen192
\l_MT_above_intertext_sep=\dimen193
\l_MT_below_intertext_sep=\dimen194
\l_MT_above_shortintertext_sep=\dimen195
\l_MT_below_shortintertext_sep=\dimen196
)
("C:\Program Files\MiKTeX 2.9\tex\latex\pgf\frontendlayer\tikz.sty"
("C:\Program Files\MiKTeX 2.9\tex\latex\pgf\basiclayer\pgf.sty"
Package: pgf 2015/08/07 v3.0.1a (rcs-revision 1.15)

("C:\Program Files\MiKTeX 2.9\tex\generic\pgf\modules\pgfmoduleshapes.code.tex"
File: pgfmoduleshapes.code.tex 2014/03/21  (rcs-revision 1.35)
\pgfnodeparttextbox=\box54
) ("C:\Program Files\MiKTeX 2.9\tex\generic\pgf\modules\pgfmoduleplot.code.tex"
File: pgfmoduleplot.code.tex 2015/08/03  (rcs-revision 1.13)
)
("C:\Program Files\MiKTeX 2.9\tex\latex\pgf\compatibility\pgfcomp-version-0-65.
sty"
Package: pgfcomp-version-0-65 2007/07/03 v3.0.1a (rcs-revision 1.7)
\pgf@nodesepstart=\dimen197
\pgf@nodesepend=\dimen198
)
("C:\Program Files\MiKTeX 2.9\tex\latex\pgf\compatibility\pgfcomp-version-1-18.
sty"
Package: pgfcomp-version-1-18 2007/07/23 v3.0.1a (rcs-revision 1.1)
)) ("C:\Program Files\MiKTeX 2.9\tex\latex\pgf\utilities\pgffor.sty"
("C:\Program Files\MiKTeX 2.9\tex\latex\pgf\utilities\pgfkeys.sty"
("C:\Program Files\MiKTeX 2.9\tex\generic\pgf\utilities\pgfkeys.code.tex"))
("C:\Program Files\MiKTeX 2.9\tex\latex\pgf\math\pgfmath.sty"
("C:\Program Files\MiKTeX 2.9\tex\generic\pgf\math\pgfmath.code.tex"))
("C:\Program Files\MiKTeX 2.9\tex\generic\pgf\utilities\pgffor.code.tex"
Package: pgffor 2013/12/13 v3.0.1a (rcs-revision 1.25)

("C:\Program Files\MiKTeX 2.9\tex\generic\pgf\math\pgfmath.code.tex")
\pgffor@iter=\dimen199
\pgffor@skip=\dimen256
\pgffor@stack=\toks43
\pgffor@toks=\toks44
))
("C:\Program Files\MiKTeX 2.9\tex\generic\pgf\frontendlayer\tikz\tikz.code.tex"
Package: tikz 2015/08/07 v3.0.1a (rcs-revision 1.151)

("C:\Program Files\MiKTeX 2.9\tex\generic\pgf\libraries\pgflibraryplothandlers.
code.tex"
File: pgflibraryplothandlers.code.tex 2013/08/31 v3.0.1a (rcs-revision 1.20)
\pgf@plot@mark@count=\count158
\pgfplotmarksize=\dimen257
)
\tikz@lastx=\dimen258
\tikz@lasty=\dimen259
\tikz@lastxsaved=\dimen260
\tikz@lastysaved=\dimen261
\tikzleveldistance=\dimen262
\tikzsiblingdistance=\dimen263
\tikz@figbox=\box55
\tikz@figbox@bg=\box56
\tikz@tempbox=\box57
\tikz@tempbox@bg=\box58
\tikztreelevel=\count159
\tikznumberofchildren=\count160
\tikznumberofcurrentchild=\count161
\tikz@fig@count=\count162

("C:\Program Files\MiKTeX 2.9\tex\generic\pgf\modules\pgfmodulematrix.code.tex"
File: pgfmodulematrix.code.tex 2013/09/17  (rcs-revision 1.8)
\pgfmatrixcurrentrow=\count163
\pgfmatrixcurrentcolumn=\count164
\pgf@matrix@numberofcolumns=\count165
)
\tikz@expandcount=\count166

("C:\Program Files\MiKTeX 2.9\tex\generic\pgf\frontendlayer\tikz\libraries\tikz
librarytopaths.code.tex"
File: tikzlibrarytopaths.code.tex 2008/06/17 v3.0.1a (rcs-revision 1.2)
)))
("C:\Program Files\MiKTeX 2.9\tex\latex\pgfplots\pgfplots.sty"
("C:\Program Files\MiKTeX 2.9\tex\generic\pgfplots\pgfplots.revision.tex")
Package: pgfplots 2017/06/05 v1.15 Data Visualization (1.15)

("C:\Program Files\MiKTeX 2.9\tex\generic\pgfplots\pgfplots.code.tex"
("C:\Program Files\MiKTeX 2.9\tex\generic\pgfplots\pgfplotscore.code.tex"
\t@pgfplots@toka=\toks45
\t@pgfplots@tokb=\toks46
\t@pgfplots@tokc=\toks47
\pgfplots@tmpa=\dimen264
\c@pgfplots@coordindex=\count167
\c@pgfplots@scanlineindex=\count168

("C:\Program Files\MiKTeX 2.9\tex\generic\pgfplots\sys\pgfplotssysgeneric.code.
tex"))
("C:\Program Files\MiKTeX 2.9\tex\generic\pgfplots\libs\pgfplotslibrary.code.te
x")
("C:\Program Files\MiKTeX 2.9\tex\generic\pgfplots\oldpgfcompatib\pgfplotsoldpg
fsupp_loader.code.tex"
("C:\Program Files\MiKTeX 2.9\tex\generic\pgf\libraries\pgflibraryfpu.code.tex"
)
Package pgfplots: loading complementary arithmetics for your pgf version...

("C:\Program Files\MiKTeX 2.9\tex\generic\pgfplots\oldpgfcompatib\pgfplotsoldpg
fsupp_pgflibraryfpu.code.tex")
("C:\Program Files\MiKTeX 2.9\tex\generic\pgfplots\oldpgfcompatib\pgfplotsoldpg
fsupp_pgfmathfloat.code.tex"
\c@pgfmathroundto@lastzeros=\count169
))
("C:\Program Files\MiKTeX 2.9\tex\generic\pgfplots\util\pgfplotsutil.code.tex"
("C:\Program Files\MiKTeX 2.9\tex\generic\pgfplots\liststructure\pgfplotslistst
ructure.code.tex")
("C:\Program Files\MiKTeX 2.9\tex\generic\pgfplots\liststructure\pgfplotslistst
ructureext.code.tex")
("C:\Program Files\MiKTeX 2.9\tex\generic\pgfplots\liststructure\pgfplotsarray.
code.tex"
\c@pgfplotsarray@tmp=\count170
)
("C:\Program Files\MiKTeX 2.9\tex\generic\pgfplots\liststructure\pgfplotsmatrix
.code.tex")
("C:\Program Files\MiKTeX 2.9\tex\generic\pgfplots\numtable\pgfplotstableshared
.code.tex"
\c@pgfplotstable@counta=\count171
\t@pgfplotstable@a=\toks48
)
("C:\Program Files\MiKTeX 2.9\tex\generic\pgfplots\liststructure\pgfplotsdeque.
code.tex")
("C:\Program Files\MiKTeX 2.9\tex\generic\pgfplots\util\pgfplotsbinary.code.tex
"
("C:\Program Files\MiKTeX 2.9\tex\generic\pgfplots\util\pgfplotsbinary.data.cod
e.tex"))
("C:\Program Files\MiKTeX 2.9\tex\generic\pgfplots\util\pgfplotsutil.verb.code.
tex")
("C:\Program Files\MiKTeX 2.9\tex\generic\pgfplots\libs\pgflibrarypgfplots.surf
shading.code.tex"
\c@pgfplotslibrarysurf@no=\count172

("C:\Program Files\MiKTeX 2.9\tex\generic\pgfplots\sys\pgflibrarypgfplots.surfs
hading.pgfsys-pdftex.def")))
("C:\Program Files\MiKTeX 2.9\tex\generic\pgfplots\util\pgfplotscolormap.code.t
ex"
("C:\Program Files\MiKTeX 2.9\tex\generic\pgfplots\util\pgfplotscolor.code.tex"
))
("C:\Program Files\MiKTeX 2.9\tex\generic\pgfplots\pgfplotsstackedplots.code.te
x")
("C:\Program Files\MiKTeX 2.9\tex\generic\pgfplots\pgfplotsplothandlers.code.te
x"
("C:\Program Files\MiKTeX 2.9\tex\generic\pgfplots\pgfplotsmeshplothandler.code
.tex"
("C:\Program Files\MiKTeX 2.9\tex\generic\pgfplots\pgfplotsmeshplotimage.code.t
ex")))
("C:\Program Files\MiKTeX 2.9\tex\generic\pgfplots\pgfplots.scaling.code.tex")
("C:\Program Files\MiKTeX 2.9\tex\generic\pgfplots\pgfplotscoordprocessing.code
.tex")
("C:\Program Files\MiKTeX 2.9\tex\generic\pgfplots\pgfplots.errorbars.code.tex"
) ("C:\Program Files\MiKTeX 2.9\tex\generic\pgfplots\pgfplots.markers.code.tex"
) ("C:\Program Files\MiKTeX 2.9\tex\generic\pgfplots\pgfplotsticks.code.tex")
("C:\Program Files\MiKTeX 2.9\tex\generic\pgfplots\pgfplots.paths.code.tex")
("C:\Program Files\MiKTeX 2.9\tex\generic\pgf\frontendlayer\tikz\libraries\tikz
librarydecorations.code.tex"
("C:\Program Files\MiKTeX 2.9\tex\generic\pgf\modules\pgfmoduledecorations.code
.tex"
\pgfdecoratedcompleteddistance=\dimen265
\pgfdecoratedremainingdistance=\dimen266
\pgfdecoratedinputsegmentcompleteddistance=\dimen267
\pgfdecoratedinputsegmentremainingdistance=\dimen268
\pgf@decorate@distancetomove=\dimen269
\pgf@decorate@repeatstate=\count173
\pgfdecorationsegmentamplitude=\dimen270
\pgfdecorationsegmentlength=\dimen271
)
\tikz@lib@dec@box=\box59
)
("C:\Program Files\MiKTeX 2.9\tex\generic\pgf\frontendlayer\tikz\libraries\tikz
librarydecorations.pathmorphing.code.tex"
("C:\Program Files\MiKTeX 2.9\tex\generic\pgf\libraries\decorations\pgflibraryd
ecorations.pathmorphing.code.tex"))
("C:\Program Files\MiKTeX 2.9\tex\generic\pgf\frontendlayer\tikz\libraries\tikz
librarydecorations.pathreplacing.code.tex"
("C:\Program Files\MiKTeX 2.9\tex\generic\pgf\libraries\decorations\pgflibraryd
ecorations.pathreplacing.code.tex"))
\pgfplots@numplots=\count174
\pgfplots@xmin@reg=\dimen272
\pgfplots@xmax@reg=\dimen273
\pgfplots@ymin@reg=\dimen274
\pgfplots@ymax@reg=\dimen275
\pgfplots@zmin@reg=\dimen276
\pgfplots@zmax@reg=\dimen277
)
("C:\Program Files\MiKTeX 2.9\tex\generic\pgf\frontendlayer\tikz\libraries\tikz
libraryplotmarks.code.tex"
File: tikzlibraryplotmarks.code.tex 2008/01/09 v3.0.1a (rcs-revision 1.1)

("C:\Program Files\MiKTeX 2.9\tex\generic\pgf\libraries\pgflibraryplotmarks.cod
e.tex"
File: pgflibraryplotmarks.code.tex 2015/08/03 v3.0.1a (rcs-revision 1.14)
))) ("C:\Program Files\MiKTeX 2.9\tex\latex\pxfonts\pxfonts.sty"
Package: pxfonts 2008/01/22 v1.1.1
LaTeX Font Info:    Redeclaring symbol font `operators' on input line 21.
LaTeX Font Info:    Overwriting symbol font `operators' in version `normal'
(Font)                  OT1/cmr/m/n --> OT1/pxr/m/n on input line 21.
LaTeX Font Info:    Overwriting symbol font `operators' in version `bold'
(Font)                  OT1/cmr/bx/n --> OT1/pxr/m/n on input line 21.
LaTeX Font Info:    Overwriting symbol font `operators' in version `bold'
(Font)                  OT1/pxr/m/n --> OT1/pxr/bx/n on input line 22.
\symitalic=\mathgroup7
LaTeX Font Info:    Overwriting symbol font `italic' in version `bold'
(Font)                  OT1/pxr/m/it --> OT1/pxr/bx/it on input line 26.
LaTeX Font Info:    Redeclaring math alphabet \mathbf on input line 29.
LaTeX Font Info:    Overwriting math alphabet `\mathbf' in version `normal'
(Font)                  OT1/cmr/bx/n --> OT1/pxr/bx/n on input line 29.
LaTeX Font Info:    Overwriting math alphabet `\mathbf' in version `bold'
(Font)                  OT1/cmr/bx/n --> OT1/pxr/bx/n on input line 29.
LaTeX Font Info:    Redeclaring math alphabet \mathit on input line 30.
LaTeX Font Info:    Overwriting math alphabet `\mathit' in version `normal'
(Font)                  OT1/cmr/m/it --> OT1/pxr/m/it on input line 30.
LaTeX Font Info:    Overwriting math alphabet `\mathit' in version `bold'
(Font)                  OT1/cmr/bx/it --> OT1/pxr/m/it on input line 30.
LaTeX Font Info:    Overwriting math alphabet `\mathit' in version `bold'
(Font)                  OT1/pxr/m/it --> OT1/pxr/bx/it on input line 31.
LaTeX Font Info:    Redeclaring math alphabet \mathsf on input line 40.
LaTeX Font Info:    Overwriting math alphabet `\mathsf' in version `normal'
(Font)                  OT1/cmss/m/n --> OT1/pxss/m/n on input line 40.
LaTeX Font Info:    Overwriting math alphabet `\mathsf' in version `bold'
(Font)                  OT1/cmss/bx/n --> OT1/pxss/m/n on input line 40.
LaTeX Font Info:    Overwriting math alphabet `\mathsf' in version `bold'
(Font)                  OT1/pxss/m/n --> OT1/pxss/b/n on input line 41.
LaTeX Font Info:    Redeclaring math alphabet \mathtt on input line 50.
LaTeX Font Info:    Overwriting math alphabet `\mathtt' in version `normal'
(Font)                  OT1/cmtt/m/n --> OT1/pxtt/m/n on input line 50.
LaTeX Font Info:    Overwriting math alphabet `\mathtt' in version `bold'
(Font)                  OT1/cmtt/m/n --> OT1/pxtt/m/n on input line 50.
LaTeX Font Info:    Overwriting math alphabet `\mathtt' in version `bold'
(Font)                  OT1/pxtt/m/n --> OT1/pxtt/b/n on input line 51.
LaTeX Font Info:    Redeclaring symbol font `letters' on input line 58.
LaTeX Font Info:    Overwriting symbol font `letters' in version `normal'
(Font)                  OML/cmm/m/it --> OML/pxmi/m/it on input line 58.
LaTeX Font Info:    Overwriting symbol font `letters' in version `bold'
(Font)                  OML/cmm/b/it --> OML/pxmi/m/it on input line 58.
LaTeX Font Info:    Overwriting symbol font `letters' in version `bold'
(Font)                  OML/pxmi/m/it --> OML/pxmi/bx/it on input line 59.
\symlettersA=\mathgroup8
LaTeX Font Info:    Overwriting symbol font `lettersA' in version `bold'
(Font)                  U/pxmia/m/it --> U/pxmia/bx/it on input line 67.
LaTeX Font Info:    Redeclaring math alphabet \mathfrak on input line 70.
LaTeX Font Info:    Redeclaring symbol font `symbols' on input line 77.
LaTeX Font Info:    Overwriting symbol font `symbols' in version `normal'
(Font)                  OMS/cmsy/m/n --> OMS/pxsy/m/n on input line 77.
LaTeX Font Info:    Overwriting symbol font `symbols' in version `bold'
(Font)                  OMS/cmsy/b/n --> OMS/pxsy/m/n on input line 77.
LaTeX Font Info:    Overwriting symbol font `symbols' in version `bold'
(Font)                  OMS/pxsy/m/n --> OMS/pxsy/bx/n on input line 78.
LaTeX Font Info:    Redeclaring symbol font `AMSa' on input line 93.
LaTeX Font Info:    Overwriting symbol font `AMSa' in version `normal'
(Font)                  U/msa/m/n --> U/pxsya/m/n on input line 93.
LaTeX Font Info:    Overwriting symbol font `AMSa' in version `bold'
(Font)                  U/msa/m/n --> U/pxsya/m/n on input line 93.
LaTeX Font Info:    Overwriting symbol font `AMSa' in version `bold'
(Font)                  U/pxsya/m/n --> U/pxsya/bx/n on input line 94.
LaTeX Font Info:    Redeclaring symbol font `AMSb' on input line 102.
LaTeX Font Info:    Overwriting symbol font `AMSb' in version `normal'
(Font)                  U/msb/m/n --> U/pxsyb/m/n on input line 102.
LaTeX Font Info:    Overwriting symbol font `AMSb' in version `bold'
(Font)                  U/msb/m/n --> U/pxsyb/m/n on input line 102.
LaTeX Font Info:    Overwriting symbol font `AMSb' in version `bold'
(Font)                  U/pxsyb/m/n --> U/pxsyb/bx/n on input line 103.
\symsymbolsC=\mathgroup9
LaTeX Font Info:    Overwriting symbol font `symbolsC' in version `bold'
(Font)                  U/pxsyc/m/n --> U/pxsyc/bx/n on input line 113.
LaTeX Font Info:    Redeclaring symbol font `largesymbols' on input line 120.
LaTeX Font Info:    Overwriting symbol font `largesymbols' in version `normal'
(Font)                  OMX/cmex/m/n --> OMX/pxex/m/n on input line 120.
LaTeX Font Info:    Overwriting symbol font `largesymbols' in version `bold'
(Font)                  OMX/cmex/m/n --> OMX/pxex/m/n on input line 120.
LaTeX Font Info:    Overwriting symbol font `largesymbols' in version `bold'
(Font)                  OMX/pxex/m/n --> OMX/pxex/bx/n on input line 121.
\symlargesymbolsA=\mathgroup10
LaTeX Font Info:    Overwriting symbol font `largesymbolsA' in version `bold'
(Font)                  U/pxexa/m/n --> U/pxexa/bx/n on input line 129.
LaTeX Info: Redefining \not on input line 997.
LaTeX Info: Redefining \textsquare on input line 1017.
LaTeX Info: Redefining \openbox on input line 1018.
)
("C:\Program Files\MiKTeX 2.9\tex\latex\base\textcomp.sty"
Package: textcomp 2017/04/05 v2.0i Standard LaTeX package
Package textcomp Info: Sub-encoding information:
(textcomp)               5 = only ISO-Adobe without \textcurrency
(textcomp)               4 = 5 + \texteuro
(textcomp)               3 = 4 + \textohm
(textcomp)               2 = 3 + \textestimated + \textcurrency
(textcomp)               1 = TS1 - \textcircled - \t
(textcomp)               0 = TS1 (full)
(textcomp)             Font families with sub-encoding setting implement
(textcomp)             only a restricted character set as indicated.
(textcomp)             Family '?' is the default used for unknown fonts.
(textcomp)             See the documentation for details.
Package textcomp Info: Setting ? sub-encoding to TS1/1 on input line 79.

("C:\Program Files\MiKTeX 2.9\tex\latex\base\ts1enc.def"
File: ts1enc.def 2001/06/05 v3.0e (jk/car/fm) Standard LaTeX file
)
LaTeX Info: Redefining \oldstylenums on input line 334.
Package textcomp Info: Setting cmr sub-encoding to TS1/0 on input line 349.
Package textcomp Info: Setting cmss sub-encoding to TS1/0 on input line 350.
Package textcomp Info: Setting cmtt sub-encoding to TS1/0 on input line 351.
Package textcomp Info: Setting cmvtt sub-encoding to TS1/0 on input line 352.
Package textcomp Info: Setting cmbr sub-encoding to TS1/0 on input line 353.
Package textcomp Info: Setting cmtl sub-encoding to TS1/0 on input line 354.
Package textcomp Info: Setting ccr sub-encoding to TS1/0 on input line 355.
Package textcomp Info: Setting ptm sub-encoding to TS1/4 on input line 356.
Package textcomp Info: Setting pcr sub-encoding to TS1/4 on input line 357.
Package textcomp Info: Setting phv sub-encoding to TS1/4 on input line 358.
Package textcomp Info: Setting ppl sub-encoding to TS1/3 on input line 359.
Package textcomp Info: Setting pag sub-encoding to TS1/4 on input line 360.
Package textcomp Info: Setting pbk sub-encoding to TS1/4 on input line 361.
Package textcomp Info: Setting pnc sub-encoding to TS1/4 on input line 362.
Package textcomp Info: Setting pzc sub-encoding to TS1/4 on input line 363.
Package textcomp Info: Setting bch sub-encoding to TS1/4 on input line 364.
Package textcomp Info: Setting put sub-encoding to TS1/5 on input line 365.
Package textcomp Info: Setting uag sub-encoding to TS1/5 on input line 366.
Package textcomp Info: Setting ugq sub-encoding to TS1/5 on input line 367.
Package textcomp Info: Setting ul8 sub-encoding to TS1/4 on input line 368.
Package textcomp Info: Setting ul9 sub-encoding to TS1/4 on input line 369.
Package textcomp Info: Setting augie sub-encoding to TS1/5 on input line 370.
Package textcomp Info: Setting dayrom sub-encoding to TS1/3 on input line 371.
Package textcomp Info: Setting dayroms sub-encoding to TS1/3 on input line 372.

Package textcomp Info: Setting pxr sub-encoding to TS1/0 on input line 373.
Package textcomp Info: Setting pxss sub-encoding to TS1/0 on input line 374.
Package textcomp Info: Setting pxtt sub-encoding to TS1/0 on input line 375.
Package textcomp Info: Setting txr sub-encoding to TS1/0 on input line 376.
Package textcomp Info: Setting txss sub-encoding to TS1/0 on input line 377.
Package textcomp Info: Setting txtt sub-encoding to TS1/0 on input line 378.
Package textcomp Info: Setting lmr sub-encoding to TS1/0 on input line 379.
Package textcomp Info: Setting lmdh sub-encoding to TS1/0 on input line 380.
Package textcomp Info: Setting lmss sub-encoding to TS1/0 on input line 381.
Package textcomp Info: Setting lmssq sub-encoding to TS1/0 on input line 382.
Package textcomp Info: Setting lmvtt sub-encoding to TS1/0 on input line 383.
Package textcomp Info: Setting lmtt sub-encoding to TS1/0 on input line 384.
Package textcomp Info: Setting qhv sub-encoding to TS1/0 on input line 385.
Package textcomp Info: Setting qag sub-encoding to TS1/0 on input line 386.
Package textcomp Info: Setting qbk sub-encoding to TS1/0 on input line 387.
Package textcomp Info: Setting qcr sub-encoding to TS1/0 on input line 388.
Package textcomp Info: Setting qcs sub-encoding to TS1/0 on input line 389.
Package textcomp Info: Setting qpl sub-encoding to TS1/0 on input line 390.
Package textcomp Info: Setting qtm sub-encoding to TS1/0 on input line 391.
Package textcomp Info: Setting qzc sub-encoding to TS1/0 on input line 392.
Package textcomp Info: Setting qhvc sub-encoding to TS1/0 on input line 393.
Package textcomp Info: Setting futs sub-encoding to TS1/4 on input line 394.
Package textcomp Info: Setting futx sub-encoding to TS1/4 on input line 395.
Package textcomp Info: Setting futj sub-encoding to TS1/4 on input line 396.
Package textcomp Info: Setting hlh sub-encoding to TS1/3 on input line 397.
Package textcomp Info: Setting hls sub-encoding to TS1/3 on input line 398.
Package textcomp Info: Setting hlst sub-encoding to TS1/3 on input line 399.
Package textcomp Info: Setting hlct sub-encoding to TS1/5 on input line 400.
Package textcomp Info: Setting hlx sub-encoding to TS1/5 on input line 401.
Package textcomp Info: Setting hlce sub-encoding to TS1/5 on input line 402.
Package textcomp Info: Setting hlcn sub-encoding to TS1/5 on input line 403.
Package textcomp Info: Setting hlcw sub-encoding to TS1/5 on input line 404.
Package textcomp Info: Setting hlcf sub-encoding to TS1/5 on input line 405.
Package textcomp Info: Setting pplx sub-encoding to TS1/3 on input line 406.
Package textcomp Info: Setting pplj sub-encoding to TS1/3 on input line 407.
Package textcomp Info: Setting ptmx sub-encoding to TS1/4 on input line 408.
Package textcomp Info: Setting ptmj sub-encoding to TS1/4 on input line 409.
)
("C:\Program Files\MiKTeX 2.9\tex\latex\tools\verbatim.sty"
Package: verbatim 2014/10/28 v1.5q LaTeX2e package for verbatim enhancements
\every@verbatim=\toks49
\verbatim@line=\toks50
\verbatim@in@stream=\read2
)
("C:\Program Files\MiKTeX 2.9\tex\latex\base\fix-cm.sty"
Package: fix-cm 2015/01/14 v1.1t fixes to LaTeX

("C:\Program Files\MiKTeX 2.9\tex\latex\base\ts1enc.def"
File: ts1enc.def 2001/06/05 v3.0e (jk/car/fm) Standard LaTeX file
LaTeX Font Info:    Redeclaring font encoding TS1 on input line 47.
))) (Cost.Beamer.aux

LaTeX Warning: Label `fig:costtrack' multiply defined.


LaTeX Warning: Label `fig:evmknown' multiply defined.

)
\openout1 = `Cost.Beamer.aux'.

LaTeX Font Info:    Checking defaults for OML/pxmi/m/it on input line 11.
LaTeX Font Info:    Try loading font information for OML+pxmi on input line 11.

 ("C:\Program Files\MiKTeX 2.9\tex\latex\pxfonts\omlpxmi.fd"
File: omlpxmi.fd 2000/12/14 v1.0
)
LaTeX Font Info:    ... okay on input line 11.
LaTeX Font Info:    Checking defaults for T1/cmr/m/n on input line 11.
LaTeX Font Info:    ... okay on input line 11.
LaTeX Font Info:    Checking defaults for OT1/cmr/m/n on input line 11.
LaTeX Font Info:    ... okay on input line 11.
LaTeX Font Info:    Checking defaults for OMS/pxsy/m/n on input line 11.
LaTeX Font Info:    Try loading font information for OMS+pxsy on input line 11.


("C:\Program Files\MiKTeX 2.9\tex\latex\pxfonts\omspxsy.fd"
File: omspxsy.fd 2000/12/14 v1.0
)
LaTeX Font Info:    ... okay on input line 11.
LaTeX Font Info:    Checking defaults for OMX/pxex/m/n on input line 11.
LaTeX Font Info:    Try loading font information for OMX+pxex on input line 11.


("C:\Program Files\MiKTeX 2.9\tex\latex\pxfonts\omxpxex.fd"
File: omxpxex.fd 2000/12/14 v1.0
)
LaTeX Font Info:    ... okay on input line 11.
LaTeX Font Info:    Checking defaults for U/pxexa/m/n on input line 11.
LaTeX Font Info:    Try loading font information for U+pxexa on input line 11.

("C:\Program Files\MiKTeX 2.9\tex\latex\pxfonts\upxexa.fd"
File: upxexa.fd 2000/12/14 v1.0
)
LaTeX Font Info:    ... okay on input line 11.
LaTeX Font Info:    Checking defaults for PD1/pdf/m/n on input line 11.
LaTeX Font Info:    ... okay on input line 11.
LaTeX Font Info:    Checking defaults for TS1/cmr/m/n on input line 11.
LaTeX Font Info:    ... okay on input line 11.
LaTeX Font Info:    Try loading font information for OT1+pxss on input line 11.


("C:\Program Files\MiKTeX 2.9\tex\latex\pxfonts\ot1pxss.fd"
File: ot1pxss.fd 2000/12/14 v1.0
)
*geometry* driver: auto-detecting
*geometry* detected driver: pdftex
*geometry* verbose mode - [ preamble ] result:
* driver: pdftex
* paper: custom
* layout: <same size as paper>
* layoutoffset:(h,v)=(0.0pt,0.0pt)
* modes: includehead includefoot 
* h-part:(L,W,R)=(28.45274pt, 307.28987pt, 28.45274pt)
* v-part:(T,H,B)=(0.0pt, 273.14662pt, 0.0pt)
* \paperwidth=364.19536pt
* \paperheight=273.14662pt
* \textwidth=307.28987pt
* \textheight=244.6939pt
* \oddsidemargin=-43.81725pt
* \evensidemargin=-43.81725pt
* \topmargin=-72.26999pt
* \headheight=14.22636pt
* \headsep=0.0pt
* \topskip=11.0pt
* \footskip=14.22636pt
* \marginparwidth=4.0pt
* \marginparsep=10.0pt
* \columnsep=10.0pt
* \skip\footins=10.0pt plus 4.0pt minus 2.0pt
* \hoffset=0.0pt
* \voffset=0.0pt
* \mag=1000
* \@twocolumnfalse
* \@twosidefalse
* \@mparswitchfalse
* \@reversemarginfalse
* (1in=72.27pt=25.4mm, 1cm=28.453pt)

("C:\Program Files\MiKTeX 2.9\tex\context\base\supp-pdf.mkii"
[Loading MPS to PDF converter (version 2006.09.02).]
\scratchcounter=\count175
\scratchdimen=\dimen278
\scratchbox=\box60
\nofMPsegments=\count176
\nofMParguments=\count177
\everyMPshowfont=\toks51
\MPscratchCnt=\count178
\MPscratchDim=\dimen279
\MPnumerator=\count179
\makeMPintoPDFobject=\count180
\everyMPtoPDFconversion=\toks52
) ("C:\Program Files\MiKTeX 2.9\tex\latex\oberdiek\epstopdf-base.sty"
Package: epstopdf-base 2016/05/15 v2.6 Base part for package epstopdf

("C:\Program Files\MiKTeX 2.9\tex\latex\oberdiek\grfext.sty"
Package: grfext 2016/05/16 v1.2 Manage graphics extensions (HO)
)
Package epstopdf-base Info: Redefining graphics rule for `.eps' on input line 4
38.
Package grfext Info: Graphics extension search list:
(grfext)             [.png,.pdf,.jpg,.mps,.jpeg,.jbig2,.jb2,.PNG,.PDF,.JPG,.JPE
G,.JBIG2,.JB2,.eps]
(grfext)             \AppendGraphicsExtensions on input line 456.
)
ABD: EveryShipout initializing macros
\AtBeginShipoutBox=\box61
Package hyperref Info: Link coloring OFF on input line 11.

("C:\Program Files\MiKTeX 2.9\tex\latex\hyperref\nameref.sty"
Package: nameref 2016/05/21 v2.44 Cross-referencing by name of section

("C:\Program Files\MiKTeX 2.9\tex\generic\oberdiek\gettitlestring.sty"
Package: gettitlestring 2016/05/16 v1.5 Cleanup title references (HO)
)
\c@section@level=\count181
)
LaTeX Info: Redefining \ref on input line 11.
LaTeX Info: Redefining \pageref on input line 11.
LaTeX Info: Redefining \nameref on input line 11.

(Cost.Beamer.out) (Cost.Beamer.out)
\@outlinefile=\write5
\openout5 = `Cost.Beamer.out'.

LaTeX Font Info:    Overwriting symbol font `operators' in version `normal'
(Font)                  OT1/pxr/m/n --> OT1/cmss/m/n on input line 11.
LaTeX Font Info:    Overwriting symbol font `operators' in version `bold'
(Font)                  OT1/pxr/bx/n --> OT1/cmss/bx/n on input line 11.
\symnumbers=\mathgroup11
\sympureletters=\mathgroup12
LaTeX Font Info:    Overwriting math alphabet `\mathrm' in version `normal'
(Font)                  OT1/cmss/m/n --> OT1/pxr/m/n on input line 11.
LaTeX Font Info:    Redeclaring math alphabet \mathbf on input line 11.
LaTeX Font Info:    Overwriting math alphabet `\mathbf' in version `normal'
(Font)                  OT1/pxr/bx/n --> OT1/pxss/bx/n on input line 11.
LaTeX Font Info:    Overwriting math alphabet `\mathbf' in version `bold'
(Font)                  OT1/pxr/bx/n --> OT1/pxss/bx/n on input line 11.
LaTeX Font Info:    Redeclaring math alphabet \mathsf on input line 11.
LaTeX Font Info:    Overwriting math alphabet `\mathsf' in version `normal'
(Font)                  OT1/pxss/m/n --> OT1/pxss/m/n on input line 11.
LaTeX Font Info:    Overwriting math alphabet `\mathsf' in version `bold'
(Font)                  OT1/pxss/b/n --> OT1/pxss/m/n on input line 11.
LaTeX Font Info:    Redeclaring math alphabet \mathit on input line 11.
LaTeX Font Info:    Overwriting math alphabet `\mathit' in version `normal'
(Font)                  OT1/pxr/m/it --> OT1/pxss/m/it on input line 11.
LaTeX Font Info:    Overwriting math alphabet `\mathit' in version `bold'
(Font)                  OT1/pxr/bx/it --> OT1/pxss/m/it on input line 11.
LaTeX Font Info:    Redeclaring math alphabet \mathtt on input line 11.
LaTeX Font Info:    Overwriting math alphabet `\mathtt' in version `normal'
(Font)                  OT1/pxtt/m/n --> OT1/pxtt/m/n on input line 11.
LaTeX Font Info:    Overwriting math alphabet `\mathtt' in version `bold'
(Font)                  OT1/pxtt/b/n --> OT1/pxtt/m/n on input line 11.
LaTeX Font Info:    Overwriting symbol font `numbers' in version `bold'
(Font)                  OT1/pxss/m/n --> OT1/pxss/bx/n on input line 11.
LaTeX Font Info:    Overwriting symbol font `pureletters' in version `bold'
(Font)                  OT1/pxss/m/it --> OT1/pxss/bx/it on input line 11.
LaTeX Font Info:    Overwriting math alphabet `\mathrm' in version `bold'
(Font)                  OT1/cmss/bx/n --> OT1/pxr/bx/n on input line 11.
LaTeX Font Info:    Overwriting math alphabet `\mathbf' in version `bold'
(Font)                  OT1/pxss/bx/n --> OT1/pxss/bx/n on input line 11.
LaTeX Font Info:    Overwriting math alphabet `\mathsf' in version `bold'
(Font)                  OT1/pxss/m/n --> OT1/pxss/bx/n on input line 11.
LaTeX Font Info:    Overwriting math alphabet `\mathit' in version `bold'
(Font)                  OT1/pxss/m/it --> OT1/pxss/bx/it on input line 11.
LaTeX Font Info:    Overwriting math alphabet `\mathtt' in version `bold'
(Font)                  OT1/pxtt/m/n --> OT1/pxtt/bx/n on input line 11.

("C:\Program Files\MiKTeX 2.9\tex\latex\beamer\translator\dicts\translator-basi
c-dictionary\translator-basic-dictionary-English.dict"
Dictionary: translator-basic-dictionary, Language: English 
)
("C:\Program Files\MiKTeX 2.9\tex\latex\beamer\translator\dicts\translator-bibl
iography-dictionary\translator-bibliography-dictionary-English.dict"
Dictionary: translator-bibliography-dictionary, Language: English 
)
("C:\Program Files\MiKTeX 2.9\tex\latex\beamer\translator\dicts\translator-envi
ronment-dictionary\translator-environment-dictionary-English.dict"
Dictionary: translator-environment-dictionary, Language: English 
)
("C:\Program Files\MiKTeX 2.9\tex\latex\beamer\translator\dicts\translator-mont
hs-dictionary\translator-months-dictionary-English.dict"
Dictionary: translator-months-dictionary, Language: English 
)
("C:\Program Files\MiKTeX 2.9\tex\latex\beamer\translator\dicts\translator-numb
ers-dictionary\translator-numbers-dictionary-English.dict"
Dictionary: translator-numbers-dictionary, Language: English 
)
("C:\Program Files\MiKTeX 2.9\tex\latex\beamer\translator\dicts\translator-theo
rem-dictionary\translator-theorem-dictionary-English.dict"
Dictionary: translator-theorem-dictionary, Language: English 
)
LaTeX Info: Redefining \includegraphics on input line 11.


Package pgfplots Warning: running in backwards compatibility mode (unsuitable t
ick labels; missing features). Consider writing \pgfplotsset{compat=1.15} into 
your preamble.
 on input line 11.

(Cost.Beamer.nav)
LaTeX Font Info:    Font shape `OT1/pxss/m/it' in size <8> not available
(Font)              Font shape `OT1/pxss/m/sl' tried instead on input line 21.
 [1{C:/ProgramData/MiKTeX/2.9/pdftex/config/pdftex.map}

]
LaTeX Font Info:    Font shape `OT1/pxss/bx/n' in size <10.95> not available
(Font)              Font shape `OT1/pxss/b/n' tried instead on input line 42.
LaTeX Font Info:    Font shape `OT1/pxss/bx/it' in size <10.95> not available
(Font)              Font shape `OT1/pxss/b/sl' tried instead on input line 42.

[2

] [3

]
Missing character: There is no  in font txss!
 [4

] [5

]
Missing character: There is no  in font txss!
Missing character: There is no  in font txss!
Missing character: There is no  in font txss!
Missing character: There is no  in font txss!
 [6

] [7

] [8

]
Missing character: There is no  in font txss!
Missing character: There is no  in font txss!

Overfull \vbox (8.18095pt too high) detected at line 177
 []

[9

] <images/CPA.jpg, id=138, 533.25436pt x 381.69786pt>
File: images/CPA.jpg Graphic file (type jpg)
 <use images/CPA.jpg>
Package pdftex.def Info: images/CPA.jpg used on input line 195.
(pdftex.def)             Requested size: 227.62204pt x 162.92708pt.

Overfull \vbox (21.23605pt too high) detected at line 195
 []

[10

 <./images/CPA.jpg>]
<images/deflation.jpg, id=150, 651.33337pt x 451.6875pt>
File: images/deflation.jpg Graphic file (type jpg)

<use images/deflation.jpg>
Package pdftex.def Info: images/deflation.jpg used on input line 210.
(pdftex.def)             Requested size: 284.52756pt x 197.31642pt.

Overfull \vbox (9.94232pt too high) detected at line 210
 []

[11

 <./images/deflation.jpg>]
<images/fig7-4.jpg, id=162, 398.56905pt x 173.08665pt>
File: images/fig7-4.jpg Graphic file (type jpg)
 <use images/fig7-4.jpg>
Package pdftex.def Info: images/fig7-4.jpg used on input line 225.
(pdftex.def)             Requested size: 227.62204pt x 98.85056pt.

[12

 <./images/fig7-4.jpg>] [13

] [14

]
Missing character: There is no  in font txss!
 [15

]
Missing character: There is no  in font txss!
Missing character: There is no  in font txss!
Missing character: There is no  in font txss!
Missing character: There is no  in font txss!
 [16

]
LaTeX Font Info:    Try loading font information for U+pxsya on input line 347.


("C:\Program Files\MiKTeX 2.9\tex\latex\pxfonts\upxsya.fd"
File: upxsya.fd 2000/12/14 v1.0
)
LaTeX Font Info:    Try loading font information for U+pxsyb on input line 347.


("C:\Program Files\MiKTeX 2.9\tex\latex\pxfonts\upxsyb.fd"
File: utxsyb.fd 2000/12/14 v1.0
)
LaTeX Font Info:    Try loading font information for U+wasy on input line 347.

("C:\Program Files\MiKTeX 2.9\tex\latex\wasysym\uwasy.fd"
File: uwasy.fd 2003/10/30 v2.0 Wasy-2 symbol font definitions
)
LaTeX Font Info:    Try loading font information for OT1+pxr on input line 347.


("C:\Program Files\MiKTeX 2.9\tex\latex\pxfonts\ot1pxr.fd"
File: ot1pxr.fd 2000/12/14 v1.0
)
LaTeX Font Info:    Try loading font information for U+pxmia on input line 347.


("C:\Program Files\MiKTeX 2.9\tex\latex\pxfonts\upxmia.fd"
File: upxmia.fd 2000/12/14 v1.0
)
LaTeX Font Info:    Try loading font information for U+pxsyc on input line 347.


("C:\Program Files\MiKTeX 2.9\tex\latex\pxfonts\upxsyc.fd"
File: upxsyc.fd 2000/12/14 v1.0
)
LaTeX Font Info:    Font shape `OT1/pxss/m/it' in size <10.95> not available
(Font)              Font shape `OT1/pxss/m/sl' tried instead on input line 347.

LaTeX Font Info:    Font shape `OT1/pxss/m/it' in size <6> not available
(Font)              Font shape `OT1/pxss/m/sl' tried instead on input line 347.

 [17

]
LaTeX Font Info:    Font shape `OT1/pxss/m/it' in size <10> not available
(Font)              Font shape `OT1/pxss/m/sl' tried instead on input line 368.

LaTeX Font Info:    Font shape `OT1/pxss/m/it' in size <7> not available
(Font)              Font shape `OT1/pxss/m/sl' tried instead on input line 368.

LaTeX Font Info:    Font shape `OT1/pxss/m/it' in size <5> not available
(Font)              Font shape `OT1/pxss/m/sl' tried instead on input line 368.

 [18

] [19

]
Missing character: There is no  in font txss!
Missing character: There is no  in font txss!

[20

] <images/msprojres.jpg, id=256, 637.4214pt x 402.7848pt>
File: images/msprojres.jpg Graphic file (type jpg)

<use images/msprojres.jpg>
Package pdftex.def Info: images/msprojres.jpg used on input line 414.
(pdftex.def)             Requested size: 284.52756pt x 179.79488pt.

Overfull \vbox (8.30385pt too high) detected at line 414
 []

[21

 <./images/msprojres.jpg>]
<images/reslevel.jpg, id=268, 523.7166pt x 505.89pt>
File: images/reslevel.jpg Graphic file (type jpg)
 <use images/reslevel.jpg>
Package pdftex.def Info: images/reslevel.jpg used on input line 435.
(pdftex.def)             Requested size: 170.71652pt x 164.90633pt.

[22

 <./images/reslevel.jpg>]
<images/resleveled.jpg, id=280, 695.2374pt x 428.3202pt>
File: images/resleveled.jpg Graphic file (type jpg)

<use images/resleveled.jpg>
Package pdftex.def Info: images/resleveled.jpg used on input line 451.
(pdftex.def)             Requested size: 284.52756pt x 175.29216pt.
 [23

 <./images/resleveled.jpg>]
<images/ressheet.jpg, id=292, 620.00052pt x 77.02461pt>
File: images/ressheet.jpg Graphic file (type jpg)

<use images/ressheet.jpg>
Package pdftex.def Info: images/ressheet.jpg used on input line 480.
(pdftex.def)             Requested size: 284.52756pt x 35.34828pt.

<images/costsheet.jpg, id=293, 620.3175pt x 62.2325pt>
File: images/costsheet.jpg Graphic file (type jpg)

<use images/costsheet.jpg>
Package pdftex.def Info: images/costsheet.jpg used on input line 480.
(pdftex.def)             Requested size: 284.52756pt x 28.54468pt.

<images/ganttcost.jpg, id=294, 671.27711pt x 136.20116pt>
File: images/ganttcost.jpg Graphic file (type jpg)

<use images/ganttcost.jpg>
Package pdftex.def Info: images/ganttcost.jpg used on input line 480.
(pdftex.def)             Requested size: 284.52756pt x 57.73196pt.

Overfull \vbox (1.72426pt too high) detected at line 480
 []

[24

 <./images/ressheet.jpg> <./images/costsheet.jpg> <./images/ganttcost.jpg>]
<images/costtrack.jpg, id=308, 688.92897pt x 289.08pt>
File: images/costtrack.jpg Graphic file (type jpg)

<use images/costtrack.jpg>
Package pdftex.def Info: images/costtrack.jpg used on input line 496.
(pdftex.def)             Requested size: 284.52756pt x 119.39252pt.
 [25

 <./images/costtrack.jpg>]
<images/useagexl.jpg, id=321, 677.4108pt x 477.9456pt>
File: images/useagexl.jpg Graphic file (type jpg)

<use images/useagexl.jpg>
Package pdftex.def Info: images/useagexl.jpg used on input line 512.
(pdftex.def)             Requested size: 284.52756pt x 200.74307pt.

Overfull \vbox (1.10507pt too high) detected at line 512
 []

[26

 <./images/useagexl.jpg>]
<images/costprofile.jpg, id=333, 649.44pt x 514.8pt>
File: images/costprofile.jpg Graphic file (type jpg)

<use images/costprofile.jpg>
Package pdftex.def Info: images/costprofile.jpg used on input line 528.
(pdftex.def)             Requested size: 284.52756pt x 225.53865pt.

Overfull \vbox (10.01758pt too high) detected at line 528
 []

[27

 <./images/costprofile.jpg>]
File: images/costtrack.jpg Graphic file (type jpg)
 <use images/costtrack.jpg>
Package pdftex.def Info: images/costtrack.jpg used on input line 543.
(pdftex.def)             Requested size: 284.52756pt x 119.39252pt.
pdfTeX warning (ext4): destination with the same identifier (name{fig:costtrack
}) has been already used, duplicate ignored
<to be read again> 
                   \relax 
l.543 \end{frame}
                  [28

] <images/costover.jpg, id=355, 691.383pt x 364.2408pt>
File: images/costover.jpg Graphic file (type jpg)

<use images/costover.jpg>
Package pdftex.def Info: images/costover.jpg used on input line 559.
(pdftex.def)             Requested size: 284.52756pt x 149.89548pt.
 [29

 <./images/costover.jpg>]
<images/costoverlg.jpg, id=367, 654.445pt x 518.93875pt>
File: images/costoverlg.jpg Graphic file (type jpg)

<use images/costoverlg.jpg>
Package pdftex.def Info: images/costoverlg.jpg used on input line 574.
(pdftex.def)             Requested size: 284.52756pt x 225.60983pt.

Overfull \vbox (10.08876pt too high) detected at line 574
 []

[30

 <./images/costoverlg.jpg>] [31

]
Missing character: There is no  in font txss!
Missing character: There is no  in font txss!
 [32

] [33

]
<images/fig7-6.jpg, id=411, 400.01445pt x 158.994pt>
File: images/fig7-6.jpg Graphic file (type jpg)
 <use images/fig7-6.jpg>
Package pdftex.def Info: images/fig7-6.jpg used on input line 660.
(pdftex.def)             Requested size: 284.52756pt x 113.09273pt.

[34

 <./images/fig7-6.jpg>]
Missing character: There is no  in font txbss!
Missing character: There is no  in font txbss!
 [35

] [36

]
Overfull \hbox (6.83167pt too wide) in paragraph at lines 737--737
[]  
 []

[37

]
Overfull \hbox (6.83167pt too wide) in paragraph at lines 773--773
[][]  
 []

LaTeX Font Info:    Font shape `OT1/pxss/m/it' in size <14.4> not available
(Font)              Font shape `OT1/pxss/m/sl' tried instead on input line 773.

[38

]
Overfull \hbox (6.83167pt too wide) in paragraph at lines 809--809
[][]  
 []

[39

]
Overfull \hbox (6.83167pt too wide) in paragraph at lines 847--847
[][]  
 []


Overfull \vbox (1.23291pt too high) detected at line 847
 []

[40

]
LaTeX Font Info:    Font shape `OT1/pxss/bx/n' in size <9> not available
(Font)              Font shape `OT1/pxss/b/n' tried instead on input line 885.
 <images/prjcostcurve.jpg, id=487, 653.91289pt x 451.90518pt>
File: images/prjcostcurve.jpg Graphic file (type jpg)

<use images/prjcostcurve.jpg>
Package pdftex.def Info: images/prjcostcurve.jpg used on input line 885.
(pdftex.def)             Requested size: 92.1879pt x 63.7076pt.
 [41

 <./images/prjcostcurve.jpg>]
File: images/prjcostcurve.jpg Graphic file (type jpg)

<use images/prjcostcurve.jpg>
Package pdftex.def Info: images/prjcostcurve.jpg used on input line 899.
(pdftex.def)             Requested size: 284.52756pt x 196.63232pt.

Overfull \vbox (9.25822pt too high) detected at line 899
 []

[42

] [43

]
File: images/deflation.jpg Graphic file (type jpg)
 <use images/deflation.jpg>
Package pdftex.def Info: images/deflation.jpg used on input line 928.
(pdftex.def)             Requested size: 284.52756pt x 197.31642pt.

Overfull \vbox (9.94232pt too high) detected at line 928
 []

[44

] [45

] <images/infcontract.jpg, id=542, 654.0435pt x 429.10312pt>
File: images/infcontract.jpg Graphic file (type jpg)

<use images/infcontract.jpg>
Package pdftex.def Info: images/infcontract.jpg used on input line 961.
(pdftex.def)             Requested size: 256.0748pt x 168.00429pt.
 [46

 <./images/infcontract.jpg>] [47

]
Missing character: There is no  in font txss!
 [48

]
<images/projmargin.jpg, id=574, 686.0832pt x 465.4188pt>
File: images/projmargin.jpg Graphic file (type jpg)

<use images/projmargin.jpg>
Package pdftex.def Info: images/projmargin.jpg used on input line 1025.
(pdftex.def)             Requested size: 284.52756pt x 193.01736pt.
 [49

 <./images/projmargin.jpg>]
<images/margin2.jpg, id=587, 655.00404pt x 448.25696pt>
File: images/margin2.jpg Graphic file (type jpg)

<use images/margin2.jpg>
Package pdftex.def Info: images/margin2.jpg used on input line 1041.
(pdftex.def)             Requested size: 284.52756pt x 194.7166pt.
 [50

 <./images/margin2.jpg>]
<images/rawdata.jpg, id=599, 688.974pt x 344.9688pt>
File: images/rawdata.jpg Graphic file (type jpg)
 <use images/rawdata.jpg>
Package pdftex.def Info: images/rawdata.jpg used on input line 1056.
(pdftex.def)             Requested size: 284.52756pt x 142.45929pt.
Missing character: There is no  in font txss!

[51

 <./images/rawdata.jpg>]
Missing character: There is no  in font txss!
Missing character: There is no  in font txss!
Missing character: There is no  in font txss!
 [52

]
<images/Fig7-6.jpg, id=621, 400.01445pt x 158.994pt>
File: images/Fig7-6.jpg Graphic file (type jpg)
 <use images/Fig7-6.jpg>
Package pdftex.def Info: images/Fig7-6.jpg used on input line 1097.
(pdftex.def)             Requested size: 284.52756pt x 113.09273pt.

[53

 <./images/Fig7-6.jpg>]
<images/deflation2.jpg, id=633, 651.8754pt x 457.71pt>
File: images/deflation2.jpg Graphic file (type jpg)

<use images/deflation2.jpg>
Package pdftex.def Info: images/deflation2.jpg used on input line 1112.
(pdftex.def)             Requested size: 284.52756pt x 199.78668pt.

Overfull \vbox (12.41258pt too high) detected at line 1112
 []

[54

 <./images/deflation2.jpg>]
File: images/deflation2.jpg Graphic file (type jpg)
 <use images/deflation2.jpg>
Package pdftex.def Info: images/deflation2.jpg used on input line 1135.
(pdftex.def)             Requested size: 113.81102pt x 79.91188pt.
 [55

]
File: images/deflation2.jpg Graphic file (type jpg)

<use images/deflation2.jpg>
Package pdftex.def Info: images/deflation2.jpg used on input line 1157.
(pdftex.def)             Requested size: 113.81102pt x 79.91188pt.
 [56

]
Missing character: There is no  in font txss!
 [57

]
<images/proferos.jpg, id=678, 148.3944pt x 253.4268pt>
File: images/proferos.jpg Graphic file (type jpg)

<use images/proferos.jpg>
Package pdftex.def Info: images/proferos.jpg used on input line 1198.
(pdftex.def)             Requested size: 56.9055pt x 97.18484pt.
 [58

 <./images/proferos.jpg>]
<images/contcvr.jpg, id=690, 389.07pt x 518.76pt>
File: images/contcvr.jpg Graphic file (type jpg)
 <use images/contcvr.jpg>
Package pdftex.def Info: images/contcvr.jpg used on input line 1219.
(pdftex.def)             Requested size: 170.71652pt x 227.62184pt.

Overfull \vbox (12.10077pt too high) detected at line 1219
 []

[59

 <./images/contcvr.jpg>]
<images/conammend.jpg, id=702, 620.5584pt x 407.121pt>
File: images/conammend.jpg Graphic file (type jpg)

<use images/conammend.jpg>
Package pdftex.def Info: images/conammend.jpg used on input line 1236.
(pdftex.def)             Requested size: 227.62204pt x 149.33406pt.
 [60

 <./images/conammend.jpg>]
<images/conammend2.jpg, id=714, 587.3142pt x 309.3156pt>
File: images/conammend2.jpg Graphic file (type jpg)

<use images/conammend2.jpg>
Package pdftex.def Info: images/conammend2.jpg used on input line 1257.
(pdftex.def)             Requested size: 227.62204pt x 119.87743pt.
Missing character: There is no  in font txss!

<images/convalid.jpg, id=715, 566.115pt x 138.2766pt>
File: images/convalid.jpg Graphic file (type jpg)

<use images/convalid.jpg>
Package pdftex.def Info: images/convalid.jpg used on input line 1257.
(pdftex.def)             Requested size: 227.62204pt x 55.5966pt.
 [61

 <./images/conammend2.jpg> <./images/convalid.jpg>] [62

]
Missing character: There is no  in font txss!
 <images/dofsch.jpg, id=739, 698.61pt x 283.2984pt>
File: images/dofsch.jpg Graphic file (type jpg)

<use images/dofsch.jpg>
Package pdftex.def Info: images/dofsch.jpg used on input line 1288.
(pdftex.def)             Requested size: 256.0748pt x 103.84181pt.
 [63

 <./images/dofsch.jpg>]
<images/dofsch2.jpg, id=751, 682.7106pt x 324.2514pt>
File: images/dofsch2.jpg Graphic file (type jpg)
 <use images/dofsch2.jpg>
Package pdftex.def Info: images/dofsch2.jpg used on input line 1310.
(pdftex.def)             Requested size: 256.0748pt x 121.62366pt.
Missing character: There is no  in font txss!
Missing character: There is no  in font txss!
Missing character: There is no  in font txss!
Missing character: There is no  in font txss!

[64

 <./images/dofsch2.jpg>]
<images/delayevt.jpg, id=763, 640.64343pt x 264.99pt>
File: images/delayevt.jpg Graphic file (type jpg)

<use images/delayevt.jpg>
Package pdftex.def Info: images/delayevt.jpg used on input line 1325.
(pdftex.def)             Requested size: 284.52756pt x 117.69171pt.
 [65

 <./images/delayevt.jpg>]
<images/eotDOF.jpg, id=775, 688.974pt x 451.9284pt>
File: images/eotDOF.jpg Graphic file (type jpg)
 <use images/eotDOF.jpg>
Package pdftex.def Info: images/eotDOF.jpg used on input line 1340.
(pdftex.def)             Requested size: 227.62204pt x 149.30232pt.

[66

 <./images/eotDOF.jpg>] <images/eotDOF2.jpg, id=787, 658.1388pt x 481.8pt>
File: images/eotDOF2.jpg Graphic file (type jpg)

<use images/eotDOF2.jpg>
Package pdftex.def Info: images/eotDOF2.jpg used on input line 1355.
(pdftex.def)             Requested size: 256.0748pt x 187.46013pt.
 [67

 <./images/eotDOF2.jpg>]
<images/cl94.jpg, id=800, 688.18298pt x 62.56209pt>
File: images/cl94.jpg Graphic file (type jpg)
 <use images/cl94.jpg>
Package pdftex.def Info: images/cl94.jpg used on input line 1377.
(pdftex.def)             Requested size: 256.0748pt x 23.28029pt.

<images/cl94grf.jpg, id=801, 417.68646pt x 276.56079pt>
File: images/cl94grf.jpg Graphic file (type jpg)

<use images/cl94grf.jpg>
Package pdftex.def Info: images/cl94grf.jpg used on input line 1377.
(pdftex.def)             Requested size: 170.71652pt x 113.03616pt.
 [68

 <./images/cl94.jpg> <./images/cl94grf.jpg>]
File: images/cl94grf.jpg Graphic file (type jpg)

<use images/cl94grf.jpg>
Package pdftex.def Info: images/cl94grf.jpg used on input line 1392.
(pdftex.def)             Requested size: 284.52756pt x 188.40488pt.

Overfull \vbox (1.03078pt too high) detected at line 1392
 []

[69

]
File: images/Fig7-6.jpg Graphic file (type jpg)
 <use images/Fig7-6.jpg>
Package pdftex.def Info: images/Fig7-6.jpg used on input line 1407.
(pdftex.def)             Requested size: 284.52756pt x 113.09273pt.
 [70

]
<images/sigcurverecap.jpg, id=836, 506.8536pt x 385.44pt>
File: images/sigcurverecap.jpg Graphic file (type jpg)

<use images/sigcurverecap.jpg>
Package pdftex.def Info: images/sigcurverecap.jpg used on input line 1422.
(pdftex.def)             Requested size: 256.0748pt x 194.73682pt.

Overfull \vbox (7.36272pt too high) detected at line 1422
 []

[71

 <./images/sigcurverecap.jpg>] [72

]
LaTeX Font Info:    Font shape `OT1/pxss/bx/n' in size <10> not available
(Font)              Font shape `OT1/pxss/b/n' tried instead on input line 1472.

 [73

]
Missing character: There is no  in font txss!
Missing character: There is no  in font txss!
 [74

]
<images/Fig7-9.jpg, id=879, 406.8801pt x 250.0542pt>
File: images/Fig7-9.jpg Graphic file (type jpg)
 <use images/Fig7-9.jpg>
Package pdftex.def Info: images/Fig7-9.jpg used on input line 1510.
(pdftex.def)             Requested size: 284.52756pt x 174.86122pt.

[75

 <./images/Fig7-9.jpg>] [76

]
Missing character: There is no  in font txss!
 [77

] [78

]
<images/Fig7-10.jpg, id=921, 399.29175pt x 157.18726pt>
File: images/Fig7-10.jpg Graphic file (type jpg)

<use images/Fig7-10.jpg>
Package pdftex.def Info: images/Fig7-10.jpg used on input line 1577.
(pdftex.def)             Requested size: 284.52756pt x 112.00906pt.
 [79

 <./images/Fig7-10.jpg>] [80

] [81

] [82

] [83

]
Missing character: There is no  in font txss!

[84

] <images/Fig7-12.jpg, id=984, 361.35pt x 224.7597pt>
File: images/Fig7-12.jpg Graphic file (type jpg)

<use images/Fig7-12.jpg>
Package pdftex.def Info: images/Fig7-12.jpg used on input line 1697.
(pdftex.def)             Requested size: 284.52756pt x 176.9786pt.
 [85

 <./images/Fig7-12.jpg>] [86

] [87

] [88

] [89

]
Missing character: There is no  in font txss!
Missing character: There is no  in font txss!

[90

] [91

]
Missing character: There is no  in font txss!
 [92

] [93

] <images/trends.jpg, id=1078, 483.2454pt x 371.9496pt>
File: images/trends.jpg Graphic file (type jpg)

<use images/trends.jpg>
Package pdftex.def Info: images/trends.jpg used on input line 1893.
(pdftex.def)             Requested size: 227.62204pt x 175.19658pt.

Overfull \vbox (3.83148pt too high) detected at line 1893
 []

[94

 <./images/trends.jpg>]
<images/trendsgraph.jpg, id=1090, 677.01207pt x 423.65172pt>
File: images/trendsgraph.jpg Graphic file (type jpg)

<use images/trendsgraph.jpg>
Package pdftex.def Info: images/trendsgraph.jpg used on input line 1908.
(pdftex.def)             Requested size: 256.0748pt x 160.23946pt.
 [95

 <./images/trendsgraph.jpg>]
<images/cvtrends.jpg, id=1102, 671.7825pt x 308.79pt>
File: images/cvtrends.jpg Graphic file (type jpg)

<use images/cvtrends.jpg>
Package pdftex.def Info: images/cvtrends.jpg used on input line 1923.
(pdftex.def)             Requested size: 256.0748pt x 117.70892pt.
 [96

 <./images/cvtrends.jpg>]
<images/cpitrend.jpg, id=1114, 665.85843pt x 388.14674pt>
File: images/cpitrend.jpg Graphic file (type jpg)

<use images/cpitrend.jpg>
Package pdftex.def Info: images/cpitrend.jpg used on input line 1940.
(pdftex.def)             Requested size: 256.0748pt x 149.27408pt.
 [97

 <./images/cpitrend.jpg>]
<images/alltrends.jpg, id=1127, 677.22675pt x 414.94348pt>
File: images/alltrends.jpg Graphic file (type jpg)

<use images/alltrends.jpg>
Package pdftex.def Info: images/alltrends.jpg used on input line 1958.
(pdftex.def)             Requested size: 256.0748pt x 156.89505pt.
 [98

 <./images/alltrends.jpg>] [99

]
Missing character: There is no  in font txss!
Missing character: There is no  in font txss!
Missing character: There is no  in font txss!
Missing character: There is no  in font txss!
 [100

] [101

]
[102

] [103

] [104

] [105

] [106

]
<images/compEAC.jpg, id=1220, 647.93793pt x 439.43483pt>
File: images/compEAC.jpg Graphic file (type jpg)

<use images/compEAC.jpg>
Package pdftex.def Info: images/compEAC.jpg used on input line 2141.
(pdftex.def)             Requested size: 256.0748pt x 173.67877pt.
 [107

 <./images/compEAC.jpg>]
Missing character: There is no  in font txss!
Missing character: There is no  in font txss!
 [108

] [109

]
Missing character: There is no  in font txsssl!
Missing character: There is no  in font txsssl!
 [110

]
[111

] [112

] <images/evmsdata.jpg, id=1283, 512.1534pt x 266.9172pt>
File: images/evmsdata.jpg Graphic file (type jpg)

<use images/evmsdata.jpg>
Package pdftex.def Info: images/evmsdata.jpg used on input line 2295.
(pdftex.def)             Requested size: 142.26378pt x 74.14166pt.
 [113

 <./images/evmsdata.jpg>]
<images/evmstable.jpg, id=1295, 694.7556pt x 184.5294pt>
File: images/evmstable.jpg Graphic file (type jpg)

<use images/evmstable.jpg>
Package pdftex.def Info: images/evmstable.jpg used on input line 2312.
(pdftex.def)             Requested size: 256.0748pt x 68.01294pt.
 [114

 <./images/evmstable.jpg>]
<images/evmknown.jpg, id=1307, 694.7556pt x 184.5294pt>
File: images/evmknown.jpg Graphic file (type jpg)

<use images/evmknown.jpg>
Package pdftex.def Info: images/evmknown.jpg used on input line 2333.
(pdftex.def)             Requested size: 256.0748pt x 68.01294pt.
Missing character: There is no  in font txss!
 [115

 <./images/evmknown.jpg>]
File: images/evmknown.jpg Graphic file (type jpg)

<use images/evmknown.jpg>
Package pdftex.def Info: images/evmknown.jpg used on input line 2352.
(pdftex.def)             Requested size: 256.0748pt x 68.01294pt.
pdfTeX warning (ext4): destination with the same identifier (name{fig:evmknown}
) has been already used, duplicate ignored
<to be read again> 
                   \relax 
l.2352 \end{frame}
                  
Missing character: There is no  in font txss!
 [116

]
<images/evmstep2.jpg, id=1330, 713.064pt x 242.8272pt>
File: images/evmstep2.jpg Graphic file (type jpg)

<use images/evmstep2.jpg>
Package pdftex.def Info: images/evmstep2.jpg used on input line 2369.
(pdftex.def)             Requested size: 256.0748pt x 87.20651pt.
Missing character: There is no  in font txss!
 [117

 <./images/evmstep2.jpg>]
<images/evmstep3.jpg, id=1342, 694.7556pt x 184.5294pt>
File: images/evmstep3.jpg Graphic file (type jpg)

<use images/evmstep3.jpg>
Package pdftex.def Info: images/evmstep3.jpg used on input line 2388.
(pdftex.def)             Requested size: 256.0748pt x 68.01294pt.
 [118

 <./images/evmstep3.jpg>]
<images/evmstep4.jpg, id=1354, 694.7556pt x 184.5294pt>
File: images/evmstep4.jpg Graphic file (type jpg)

<use images/evmstep4.jpg>
Package pdftex.def Info: images/evmstep4.jpg used on input line 2407.
(pdftex.def)             Requested size: 256.0748pt x 68.01294pt.
 [119

 <./images/evmstep4.jpg>]
<images/evmstep5.jpg, id=1366, 694.7556pt x 184.5294pt>
File: images/evmstep5.jpg Graphic file (type jpg)

<use images/evmstep5.jpg>
Package pdftex.def Info: images/evmstep5.jpg used on input line 2427.
(pdftex.def)             Requested size: 256.0748pt x 68.01294pt.
 [120

 <./images/evmstep5.jpg>]
<images/evmstep6.jpg, id=1378, 694.7556pt x 184.5294pt>
File: images/evmstep6.jpg Graphic file (type jpg)

<use images/evmstep6.jpg>
Package pdftex.def Info: images/evmstep6.jpg used on input line 2446.
(pdftex.def)             Requested size: 256.0748pt x 68.01294pt.
 [121

 <./images/evmstep6.jpg>]
<images/evmstep7.jpg, id=1391, 694.7556pt x 184.5294pt>
File: images/evmstep7.jpg Graphic file (type jpg)

<use images/evmstep7.jpg>
Package pdftex.def Info: images/evmstep7.jpg used on input line 2466.
(pdftex.def)             Requested size: 256.0748pt x 68.01294pt.
 [122

 <./images/evmstep7.jpg>]
<images/evmstep8.jpg, id=1403, 694.7556pt x 184.5294pt>
File: images/evmstep8.jpg Graphic file (type jpg)

<use images/evmstep8.jpg>
Package pdftex.def Info: images/evmstep8.jpg used on input line 2485.
(pdftex.def)             Requested size: 256.0748pt x 68.01294pt.
 [123

 <./images/evmstep8.jpg>]
<images/evmstep9.jpg, id=1415, 696.201pt x 260.172pt>
File: images/evmstep9.jpg Graphic file (type jpg)

<use images/evmstep9.jpg>
Package pdftex.def Info: images/evmstep9.jpg used on input line 2503.
(pdftex.def)             Requested size: 256.0748pt x 95.69443pt.
 [124

 <./images/evmstep9.jpg>]
<images/evmstep10.jpg, id=1427, 694.7556pt x 184.5294pt>
File: images/evmstep10.jpg Graphic file (type jpg)

<use images/evmstep10.jpg>
Package pdftex.def Info: images/evmstep10.jpg used on input line 2531.
(pdftex.def)             Requested size: 256.0748pt x 68.01294pt.
 [125

 <./images/evmstep10.jpg>] [126

] [127

] [128

]
[129

] [130

] [131

] [132

] [133

] [134

] [135

] [136

] [137

]
Missing character: There is no  in font txss!
Missing character: There is no  in font txss!
 [138

]
Overfull \vbox (8.76286pt too high) detected at line 2965
 []

[139

]
\tf@nav=\write6
\openout6 = `Cost.Beamer.nav'.

\tf@toc=\write7
\openout7 = `Cost.Beamer.toc'.

\tf@snm=\write8
\openout8 = `Cost.Beamer.snm'.

Package atveryend Info: Empty hook `BeforeClearDocument' on input line 2972.
Package atveryend Info: Empty hook `AfterLastShipout' on input line 2972.
 (Cost.Beamer.aux)
Package atveryend Info: Executing hook `AtVeryEndDocument' on input line 2972.
Package atveryend Info: Executing hook `AtEndAfterFileList' on input line 2972.

Package rerunfilecheck Info: File `Cost.Beamer.out' has not changed.
(rerunfilecheck)             Checksum: 4008E545E90887E42E82B1A005DE378C;526.


LaTeX Warning: There were multiply-defined labels.

 ) ) 
Here is how much of TeX's memory you used:
 32876 strings out of 493323
 772701 string characters out of 3139067
 971346 words of memory out of 3000000
 35311 multiletter control sequences out of 15000+200000
 62446 words of font info for 153 fonts, out of 3000000 for 9000
 1141 hyphenation exceptions out of 8191
 74i,22n,104p,795b,632s stack positions out of 5000i,500n,10000p,200000b,50000s
{C:/Program Files/MiKTeX 2.9/fonts/enc/dvips/base/8r.enc}<C:/Program Files/
MiKTeX 2.9/fonts/type1/public/amsfonts/cm/cmss10.pfb><C:/Program Files/MiKTeX 2
.9/fonts/type1/public/amsfonts/cm/cmss8.pfb><C:/Program Files/MiKTeX 2.9/fonts/
type1/public/eurosym/feymr10.pfb><C:/Program Files/MiKTeX 2.9/fonts/type1/publi
c/pxfonts/pxsy.pfb><C:/Program Files/MiKTeX 2.9/fonts/type1/public/pxfonts/rpxm
i.pfb><C:/Program Files/MiKTeX 2.9/fonts/type1/urw/helvetic/uhvb8a.pfb><C:/Prog
ram Files/MiKTeX 2.9/fonts/type1/urw/helvetic/uhvr8a.pfb><C:/Program Files/MiKT
eX 2.9/fonts/type1/urw/helvetic/uhvr8a.pfb>
Output written on Cost.Beamer.pdf (139 pages, 5939957 bytes).
PDF statistics:
 1686 PDF objects out of 1728 (max. 8388607)
 349 named destinations out of 1000 (max. 500000)
 387 words of extra memory for PDF output out of 10000 (max. 10000000)

